2014-12-23 20:49:57: -- Analysis Started by User
2014-12-23 20:50:03: 变更：1,309， 冲突：， 复制时间：， 复制状态：/63， 错误： , All: 1403
2014-12-23 20:50:03: Left to Right: Copy File: 1309 
2014-12-23 20:50:03: ----- ：分析已结束。 历时 00:00:10， 速度： 140 个文件/秒 -----
2014-12-23 20:50:03: 
2014-12-23 20:50:29: == Sync Started by User
2014-12-23 20:50:31: 新建复制 'J:/home1/zhouy/tcscripts/src/materials/Ar/disp.php' -> 'H:/project2/src/materials/Ar/disp.php'
2014-12-23 20:50:32: 新建复制 'J:/home1/zhouy/tcscripts/src/materials/Ar/parameter.php' -> 'H:/project2/src/materials/Ar/parameter.php'
2014-12-23 20:50:33: 新建复制 'J:/home1/zhouy/tcscripts/src/materials/Ar/structure.php' -> 'H:/project2/src/materials/Ar/structure.php'
2014-12-23 20:50:34: 新建复制 'J:/home1/zhouy/tcscripts/src/materials/BN-small/disp.php' -> 'H:/project2/src/materials/BN-small/disp.php'
2014-12-23 20:50:34: 新建复制 'J:/home1/zhouy/tcscripts/src/materials/BN-small/in.disp' -> 'H:/project2/src/materials/BN-small/in.disp'
2014-12-23 20:50:35: 新建复制 'J:/home1/zhouy/tcscripts/src/materials/BN-small/map.in' -> 'H:/project2/src/materials/BN-small/map.in'
2014-12-23 20:50:36: 新建复制 'J:/home1/zhouy/tcscripts/src/materials/BN-small/parameter.php' -> 'H:/project2/src/materials/BN-small/parameter.php'
2014-12-23 20:50:37: 新建复制 'J:/home1/zhouy/tcscripts/src/materials/BN-small/pos/0' -> 'H:/project2/src/materials/BN-small/pos/0'
2014-12-23 20:50:38: 新建复制 'J:/home1/zhouy/tcscripts/src/materials/BN-small/pos/1' -> 'H:/project2/src/materials/BN-small/pos/1'
2014-12-23 20:50:39: 新建复制 'J:/home1/zhouy/tcscripts/src/materials/BN-small/pos/10' -> 'H:/project2/src/materials/BN-small/pos/10'
2014-12-23 20:50:40: 新建复制 'J:/home1/zhouy/tcscripts/src/materials/BN-small/pos/11' -> 'H:/project2/src/materials/BN-small/pos/11'
2014-12-23 20:50:41: 新建复制 'J:/home1/zhouy/tcscripts/src/materials/BN-small/pos/12' -> 'H:/project2/src/materials/BN-small/pos/12'
2014-12-23 20:50:41: 新建复制 'J:/home1/zhouy/tcscripts/src/materials/BN-small/pos/13' -> 'H:/project2/src/materials/BN-small/pos/13'
2014-12-23 20:50:41: 新建复制 'J:/home1/zhouy/tcscripts/src/materials/BN-small/pos/14' -> 'H:/project2/src/materials/BN-small/pos/14'
2014-12-23 20:50:42: 新建复制 'J:/home1/zhouy/tcscripts/src/materials/BN-small/pos/15' -> 'H:/project2/src/materials/BN-small/pos/15'
2014-12-23 20:50:42: 新建复制 'J:/home1/zhouy/tcscripts/src/materials/BN-small/pos/16' -> 'H:/project2/src/materials/BN-small/pos/16'
2014-12-23 20:50:43: 新建复制 'J:/home1/zhouy/tcscripts/src/materials/BN-small/pos/17' -> 'H:/project2/src/materials/BN-small/pos/17'
2014-12-23 20:50:43: 新建复制 'J:/home1/zhouy/tcscripts/src/materials/BN-small/pos/18' -> 'H:/project2/src/materials/BN-small/pos/18'
2014-12-23 20:50:43: 新建复制 'J:/home1/zhouy/tcscripts/src/materials/BN-small/pos/19' -> 'H:/project2/src/materials/BN-small/pos/19'
2014-12-23 20:50:44: 新建复制 'J:/home1/zhouy/tcscripts/src/materials/BN-small/pos/2' -> 'H:/project2/src/materials/BN-small/pos/2'
2014-12-23 20:50:44: 新建复制 'J:/home1/zhouy/tcscripts/src/materials/BN-small/pos/20' -> 'H:/project2/src/materials/BN-small/pos/20'
2014-12-23 20:50:45: 新建复制 'J:/home1/zhouy/tcscripts/src/materials/BN-small/pos/21' -> 'H:/project2/src/materials/BN-small/pos/21'
2014-12-23 20:50:45: 新建复制 'J:/home1/zhouy/tcscripts/src/materials/BN-small/pos/22' -> 'H:/project2/src/materials/BN-small/pos/22'
2014-12-23 20:50:45: 新建复制 'J:/home1/zhouy/tcscripts/src/materials/BN-small/pos/23' -> 'H:/project2/src/materials/BN-small/pos/23'
2014-12-23 20:50:46: 新建复制 'J:/home1/zhouy/tcscripts/src/materials/BN-small/pos/24' -> 'H:/project2/src/materials/BN-small/pos/24'
2014-12-23 20:50:46: 新建复制 'J:/home1/zhouy/tcscripts/src/materials/BN-small/pos/25' -> 'H:/project2/src/materials/BN-small/pos/25'
2014-12-23 20:50:46: 新建复制 'J:/home1/zhouy/tcscripts/src/materials/BN-small/pos/26' -> 'H:/project2/src/materials/BN-small/pos/26'
2014-12-23 20:50:47: 新建复制 'J:/home1/zhouy/tcscripts/src/materials/BN-small/pos/27' -> 'H:/project2/src/materials/BN-small/pos/27'
2014-12-23 20:50:47: 新建复制 'J:/home1/zhouy/tcscripts/src/materials/BN-small/pos/28' -> 'H:/project2/src/materials/BN-small/pos/28'
2014-12-23 20:50:48: 新建复制 'J:/home1/zhouy/tcscripts/src/materials/BN-small/pos/29' -> 'H:/project2/src/materials/BN-small/pos/29'
2014-12-23 20:50:48: 新建复制 'J:/home1/zhouy/tcscripts/src/materials/BN-small/pos/3' -> 'H:/project2/src/materials/BN-small/pos/3'
2014-12-23 20:50:48: 新建复制 'J:/home1/zhouy/tcscripts/src/materials/BN-small/pos/30' -> 'H:/project2/src/materials/BN-small/pos/30'
2014-12-23 20:50:49: 新建复制 'J:/home1/zhouy/tcscripts/src/materials/BN-small/pos/31' -> 'H:/project2/src/materials/BN-small/pos/31'
2014-12-23 20:50:49: 新建复制 'J:/home1/zhouy/tcscripts/src/materials/BN-small/pos/32' -> 'H:/project2/src/materials/BN-small/pos/32'
2014-12-23 20:50:50: 新建复制 'J:/home1/zhouy/tcscripts/src/materials/BN-small/pos/33' -> 'H:/project2/src/materials/BN-small/pos/33'
2014-12-23 20:50:50: 新建复制 'J:/home1/zhouy/tcscripts/src/materials/BN-small/pos/34' -> 'H:/project2/src/materials/BN-small/pos/34'
2014-12-23 20:50:50: 新建复制 'J:/home1/zhouy/tcscripts/src/materials/BN-small/pos/35' -> 'H:/project2/src/materials/BN-small/pos/35'
2014-12-23 20:50:51: 新建复制 'J:/home1/zhouy/tcscripts/src/materials/BN-small/pos/36' -> 'H:/project2/src/materials/BN-small/pos/36'
2014-12-23 20:50:51: 新建复制 'J:/home1/zhouy/tcscripts/src/materials/BN-small/pos/37' -> 'H:/project2/src/materials/BN-small/pos/37'
2014-12-23 20:50:52: 新建复制 'J:/home1/zhouy/tcscripts/src/materials/BN-small/pos/38' -> 'H:/project2/src/materials/BN-small/pos/38'
2014-12-23 20:50:52: 新建复制 'J:/home1/zhouy/tcscripts/src/materials/BN-small/pos/39' -> 'H:/project2/src/materials/BN-small/pos/39'
2014-12-23 20:50:52: 新建复制 'J:/home1/zhouy/tcscripts/src/materials/BN-small/pos/4' -> 'H:/project2/src/materials/BN-small/pos/4'
2014-12-23 20:50:53: 新建复制 'J:/home1/zhouy/tcscripts/src/materials/BN-small/pos/40' -> 'H:/project2/src/materials/BN-small/pos/40'
2014-12-23 20:50:53: 新建复制 'J:/home1/zhouy/tcscripts/src/materials/BN-small/pos/41' -> 'H:/project2/src/materials/BN-small/pos/41'
2014-12-23 20:50:54: 新建复制 'J:/home1/zhouy/tcscripts/src/materials/BN-small/pos/42' -> 'H:/project2/src/materials/BN-small/pos/42'
2014-12-23 20:50:54: 新建复制 'J:/home1/zhouy/tcscripts/src/materials/BN-small/pos/43' -> 'H:/project2/src/materials/BN-small/pos/43'
2014-12-23 20:50:54: 新建复制 'J:/home1/zhouy/tcscripts/src/materials/BN-small/pos/44' -> 'H:/project2/src/materials/BN-small/pos/44'
2014-12-23 20:50:55: 新建复制 'J:/home1/zhouy/tcscripts/src/materials/BN-small/pos/45' -> 'H:/project2/src/materials/BN-small/pos/45'
2014-12-23 20:50:55: 新建复制 'J:/home1/zhouy/tcscripts/src/materials/BN-small/pos/46' -> 'H:/project2/src/materials/BN-small/pos/46'
2014-12-23 20:50:56: 新建复制 'J:/home1/zhouy/tcscripts/src/materials/BN-small/pos/47' -> 'H:/project2/src/materials/BN-small/pos/47'
2014-12-23 20:50:56: 新建复制 'J:/home1/zhouy/tcscripts/src/materials/BN-small/pos/48' -> 'H:/project2/src/materials/BN-small/pos/48'
2014-12-23 20:50:56: 新建复制 'J:/home1/zhouy/tcscripts/src/materials/BN-small/pos/49' -> 'H:/project2/src/materials/BN-small/pos/49'
2014-12-23 20:50:57: 新建复制 'J:/home1/zhouy/tcscripts/src/materials/BN-small/pos/5' -> 'H:/project2/src/materials/BN-small/pos/5'
2014-12-23 20:50:57: 新建复制 'J:/home1/zhouy/tcscripts/src/materials/BN-small/pos/50' -> 'H:/project2/src/materials/BN-small/pos/50'
2014-12-23 20:50:58: 新建复制 'J:/home1/zhouy/tcscripts/src/materials/BN-small/pos/51' -> 'H:/project2/src/materials/BN-small/pos/51'
2014-12-23 20:50:58: 新建复制 'J:/home1/zhouy/tcscripts/src/materials/BN-small/pos/52' -> 'H:/project2/src/materials/BN-small/pos/52'
2014-12-23 20:50:58: 新建复制 'J:/home1/zhouy/tcscripts/src/materials/BN-small/pos/53' -> 'H:/project2/src/materials/BN-small/pos/53'
2014-12-23 20:50:59: 新建复制 'J:/home1/zhouy/tcscripts/src/materials/BN-small/pos/54' -> 'H:/project2/src/materials/BN-small/pos/54'
2014-12-23 20:50:59: 新建复制 'J:/home1/zhouy/tcscripts/src/materials/BN-small/pos/55' -> 'H:/project2/src/materials/BN-small/pos/55'
2014-12-23 20:50:59: 新建复制 'J:/home1/zhouy/tcscripts/src/materials/BN-small/pos/56' -> 'H:/project2/src/materials/BN-small/pos/56'
2014-12-23 20:51:00: 新建复制 'J:/home1/zhouy/tcscripts/src/materials/BN-small/pos/57' -> 'H:/project2/src/materials/BN-small/pos/57'
2014-12-23 20:51:00: 新建复制 'J:/home1/zhouy/tcscripts/src/materials/BN-small/pos/58' -> 'H:/project2/src/materials/BN-small/pos/58'
2014-12-23 20:51:01: 新建复制 'J:/home1/zhouy/tcscripts/src/materials/BN-small/pos/59' -> 'H:/project2/src/materials/BN-small/pos/59'
2014-12-23 20:51:01: 新建复制 'J:/home1/zhouy/tcscripts/src/materials/BN-small/pos/6' -> 'H:/project2/src/materials/BN-small/pos/6'
2014-12-23 20:51:01: 新建复制 'J:/home1/zhouy/tcscripts/src/materials/BN-small/pos/60' -> 'H:/project2/src/materials/BN-small/pos/60'
2014-12-23 20:51:02: 新建复制 'J:/home1/zhouy/tcscripts/src/materials/BN-small/pos/61' -> 'H:/project2/src/materials/BN-small/pos/61'
2014-12-23 20:51:03: 新建复制 'J:/home1/zhouy/tcscripts/src/materials/BN-small/pos/62' -> 'H:/project2/src/materials/BN-small/pos/62'
2014-12-23 20:51:03: 新建复制 'J:/home1/zhouy/tcscripts/src/materials/BN-small/pos/63' -> 'H:/project2/src/materials/BN-small/pos/63'
2014-12-23 20:51:03: 新建复制 'J:/home1/zhouy/tcscripts/src/materials/BN-small/pos/64' -> 'H:/project2/src/materials/BN-small/pos/64'
2014-12-23 20:51:04: 新建复制 'J:/home1/zhouy/tcscripts/src/materials/BN-small/pos/65' -> 'H:/project2/src/materials/BN-small/pos/65'
2014-12-23 20:51:04: 新建复制 'J:/home1/zhouy/tcscripts/src/materials/BN-small/pos/66' -> 'H:/project2/src/materials/BN-small/pos/66'
2014-12-23 20:51:04: 新建复制 'J:/home1/zhouy/tcscripts/src/materials/BN-small/pos/67' -> 'H:/project2/src/materials/BN-small/pos/67'
2014-12-23 20:51:05: 新建复制 'J:/home1/zhouy/tcscripts/src/materials/BN-small/pos/68' -> 'H:/project2/src/materials/BN-small/pos/68'
2014-12-23 20:51:05: 新建复制 'J:/home1/zhouy/tcscripts/src/materials/BN-small/pos/69' -> 'H:/project2/src/materials/BN-small/pos/69'
2014-12-23 20:51:06: 新建复制 'J:/home1/zhouy/tcscripts/src/materials/BN-small/pos/7' -> 'H:/project2/src/materials/BN-small/pos/7'
2014-12-23 20:51:06: 新建复制 'J:/home1/zhouy/tcscripts/src/materials/BN-small/pos/70' -> 'H:/project2/src/materials/BN-small/pos/70'
2014-12-23 20:51:07: 新建复制 'J:/home1/zhouy/tcscripts/src/materials/BN-small/pos/71' -> 'H:/project2/src/materials/BN-small/pos/71'
2014-12-23 20:51:07: 新建复制 'J:/home1/zhouy/tcscripts/src/materials/BN-small/pos/72' -> 'H:/project2/src/materials/BN-small/pos/72'
2014-12-23 20:51:07: 新建复制 'J:/home1/zhouy/tcscripts/src/materials/BN-small/pos/73' -> 'H:/project2/src/materials/BN-small/pos/73'
2014-12-23 20:51:08: 新建复制 'J:/home1/zhouy/tcscripts/src/materials/BN-small/pos/74' -> 'H:/project2/src/materials/BN-small/pos/74'
2014-12-23 20:51:08: 新建复制 'J:/home1/zhouy/tcscripts/src/materials/BN-small/pos/75' -> 'H:/project2/src/materials/BN-small/pos/75'
2014-12-23 20:51:09: 新建复制 'J:/home1/zhouy/tcscripts/src/materials/BN-small/pos/76' -> 'H:/project2/src/materials/BN-small/pos/76'
2014-12-23 20:51:09: 新建复制 'J:/home1/zhouy/tcscripts/src/materials/BN-small/pos/77' -> 'H:/project2/src/materials/BN-small/pos/77'
2014-12-23 20:51:09: 新建复制 'J:/home1/zhouy/tcscripts/src/materials/BN-small/pos/78' -> 'H:/project2/src/materials/BN-small/pos/78'
2014-12-23 20:51:10: 新建复制 'J:/home1/zhouy/tcscripts/src/materials/BN-small/pos/79' -> 'H:/project2/src/materials/BN-small/pos/79'
2014-12-23 20:51:10: 新建复制 'J:/home1/zhouy/tcscripts/src/materials/BN-small/pos/8' -> 'H:/project2/src/materials/BN-small/pos/8'
2014-12-23 20:51:11: 新建复制 'J:/home1/zhouy/tcscripts/src/materials/BN-small/pos/80' -> 'H:/project2/src/materials/BN-small/pos/80'
2014-12-23 20:51:11: 新建复制 'J:/home1/zhouy/tcscripts/src/materials/BN-small/pos/81' -> 'H:/project2/src/materials/BN-small/pos/81'
2014-12-23 20:51:12: 新建复制 'J:/home1/zhouy/tcscripts/src/materials/BN-small/pos/82' -> 'H:/project2/src/materials/BN-small/pos/82'
2014-12-23 20:51:14: 新建复制 'J:/home1/zhouy/tcscripts/src/materials/BN-small/pos/83' -> 'H:/project2/src/materials/BN-small/pos/83'
2014-12-23 20:51:15: 新建复制 'J:/home1/zhouy/tcscripts/src/materials/BN-small/pos/84' -> 'H:/project2/src/materials/BN-small/pos/84'
2014-12-23 20:51:15: 新建复制 'J:/home1/zhouy/tcscripts/src/materials/BN-small/pos/85' -> 'H:/project2/src/materials/BN-small/pos/85'
2014-12-23 20:51:16: 新建复制 'J:/home1/zhouy/tcscripts/src/materials/BN-small/pos/86' -> 'H:/project2/src/materials/BN-small/pos/86'
2014-12-23 20:51:16: 新建复制 'J:/home1/zhouy/tcscripts/src/materials/BN-small/pos/87' -> 'H:/project2/src/materials/BN-small/pos/87'
2014-12-23 20:51:16: 新建复制 'J:/home1/zhouy/tcscripts/src/materials/BN-small/pos/88' -> 'H:/project2/src/materials/BN-small/pos/88'
2014-12-23 20:51:17: 新建复制 'J:/home1/zhouy/tcscripts/src/materials/BN-small/pos/89' -> 'H:/project2/src/materials/BN-small/pos/89'
2014-12-23 20:51:25: 新建复制 'J:/home1/zhouy/tcscripts/src/materials/BN-small/pos/9' -> 'H:/project2/src/materials/BN-small/pos/9'
2014-12-23 20:51:26: 新建复制 'J:/home1/zhouy/tcscripts/src/materials/BN-small/pos/90' -> 'H:/project2/src/materials/BN-small/pos/90'
2014-12-23 20:51:26: 新建复制 'J:/home1/zhouy/tcscripts/src/materials/BN-small/pos/91' -> 'H:/project2/src/materials/BN-small/pos/91'
2014-12-23 20:51:26: 新建复制 'J:/home1/zhouy/tcscripts/src/materials/BN-small/pos/92' -> 'H:/project2/src/materials/BN-small/pos/92'
2014-12-23 20:51:27: 新建复制 'J:/home1/zhouy/tcscripts/src/materials/BN-small/pos/93' -> 'H:/project2/src/materials/BN-small/pos/93'
2014-12-23 20:51:27: 新建复制 'J:/home1/zhouy/tcscripts/src/materials/BN-small/pos/94' -> 'H:/project2/src/materials/BN-small/pos/94'
2014-12-23 20:51:28: 新建复制 'J:/home1/zhouy/tcscripts/src/materials/BN-small/pos/95' -> 'H:/project2/src/materials/BN-small/pos/95'
2014-12-23 20:51:28: 新建复制 'J:/home1/zhouy/tcscripts/src/materials/BN-small/pos/96' -> 'H:/project2/src/materials/BN-small/pos/96'
2014-12-23 20:51:29: 新建复制 'J:/home1/zhouy/tcscripts/src/materials/BN-small/pos/97' -> 'H:/project2/src/materials/BN-small/pos/97'
2014-12-23 20:51:33: 新建复制 'J:/home1/zhouy/tcscripts/src/materials/BN-small/pos/98' -> 'H:/project2/src/materials/BN-small/pos/98'
2014-12-23 20:51:33: 新建复制 'J:/home1/zhouy/tcscripts/src/materials/BN-small/pos/99' -> 'H:/project2/src/materials/BN-small/pos/99'
2014-12-23 20:51:34: 新建复制 'J:/home1/zhouy/tcscripts/src/materials/BN-small/pos/C12N/0' -> 'H:/project2/src/materials/BN-small/pos/C12N/0'
2014-12-23 20:51:34: 新建复制 'J:/home1/zhouy/tcscripts/src/materials/BN-small/pos/C12N/1' -> 'H:/project2/src/materials/BN-small/pos/C12N/1'
2014-12-23 20:51:35: 新建复制 'J:/home1/zhouy/tcscripts/src/materials/BN-small/pos/C12N/10' -> 'H:/project2/src/materials/BN-small/pos/C12N/10'
2014-12-23 20:51:35: 新建复制 'J:/home1/zhouy/tcscripts/src/materials/BN-small/pos/C12N/11' -> 'H:/project2/src/materials/BN-small/pos/C12N/11'
2014-12-23 20:51:36: 新建复制 'J:/home1/zhouy/tcscripts/src/materials/BN-small/pos/C12N/12' -> 'H:/project2/src/materials/BN-small/pos/C12N/12'
2014-12-23 20:51:36: 新建复制 'J:/home1/zhouy/tcscripts/src/materials/BN-small/pos/C12N/13' -> 'H:/project2/src/materials/BN-small/pos/C12N/13'
2014-12-23 20:51:37: 新建复制 'J:/home1/zhouy/tcscripts/src/materials/BN-small/pos/C12N/14' -> 'H:/project2/src/materials/BN-small/pos/C12N/14'
2014-12-23 20:51:37: 新建复制 'J:/home1/zhouy/tcscripts/src/materials/BN-small/pos/C12N/15' -> 'H:/project2/src/materials/BN-small/pos/C12N/15'
2014-12-23 20:51:37: 新建复制 'J:/home1/zhouy/tcscripts/src/materials/BN-small/pos/C12N/16' -> 'H:/project2/src/materials/BN-small/pos/C12N/16'
2014-12-23 20:51:40: 新建复制 'J:/home1/zhouy/tcscripts/src/materials/BN-small/pos/C12N/17' -> 'H:/project2/src/materials/BN-small/pos/C12N/17'
2014-12-23 20:51:40: 新建复制 'J:/home1/zhouy/tcscripts/src/materials/BN-small/pos/C12N/18' -> 'H:/project2/src/materials/BN-small/pos/C12N/18'
2014-12-23 20:51:41: 新建复制 'J:/home1/zhouy/tcscripts/src/materials/BN-small/pos/C12N/19' -> 'H:/project2/src/materials/BN-small/pos/C12N/19'
2014-12-23 20:51:41: 新建复制 'J:/home1/zhouy/tcscripts/src/materials/BN-small/pos/C12N/2' -> 'H:/project2/src/materials/BN-small/pos/C12N/2'
2014-12-23 20:51:42: 新建复制 'J:/home1/zhouy/tcscripts/src/materials/BN-small/pos/C12N/20' -> 'H:/project2/src/materials/BN-small/pos/C12N/20'
2014-12-23 20:51:42: 新建复制 'J:/home1/zhouy/tcscripts/src/materials/BN-small/pos/C12N/21' -> 'H:/project2/src/materials/BN-small/pos/C12N/21'
2014-12-23 20:51:42: 新建复制 'J:/home1/zhouy/tcscripts/src/materials/BN-small/pos/C12N/22' -> 'H:/project2/src/materials/BN-small/pos/C12N/22'
2014-12-23 20:51:43: 新建复制 'J:/home1/zhouy/tcscripts/src/materials/BN-small/pos/C12N/23' -> 'H:/project2/src/materials/BN-small/pos/C12N/23'
2014-12-23 20:51:43: 新建复制 'J:/home1/zhouy/tcscripts/src/materials/BN-small/pos/C12N/24' -> 'H:/project2/src/materials/BN-small/pos/C12N/24'
2014-12-23 20:51:44: 新建复制 'J:/home1/zhouy/tcscripts/src/materials/BN-small/pos/C12N/25' -> 'H:/project2/src/materials/BN-small/pos/C12N/25'
2014-12-23 20:51:44: 新建复制 'J:/home1/zhouy/tcscripts/src/materials/BN-small/pos/C12N/26' -> 'H:/project2/src/materials/BN-small/pos/C12N/26'
2014-12-23 20:51:45: 新建复制 'J:/home1/zhouy/tcscripts/src/materials/BN-small/pos/C12N/27' -> 'H:/project2/src/materials/BN-small/pos/C12N/27'
2014-12-23 20:51:45: 新建复制 'J:/home1/zhouy/tcscripts/src/materials/BN-small/pos/C12N/28' -> 'H:/project2/src/materials/BN-small/pos/C12N/28'
2014-12-23 20:51:46: 新建复制 'J:/home1/zhouy/tcscripts/src/materials/BN-small/pos/C12N/29' -> 'H:/project2/src/materials/BN-small/pos/C12N/29'
2014-12-23 20:51:46: 新建复制 'J:/home1/zhouy/tcscripts/src/materials/BN-small/pos/C12N/3' -> 'H:/project2/src/materials/BN-small/pos/C12N/3'
2014-12-23 20:51:47: 新建复制 'J:/home1/zhouy/tcscripts/src/materials/BN-small/pos/C12N/30' -> 'H:/project2/src/materials/BN-small/pos/C12N/30'
2014-12-23 20:51:47: 新建复制 'J:/home1/zhouy/tcscripts/src/materials/BN-small/pos/C12N/4' -> 'H:/project2/src/materials/BN-small/pos/C12N/4'
2014-12-23 20:51:48: 新建复制 'J:/home1/zhouy/tcscripts/src/materials/BN-small/pos/C12N/5' -> 'H:/project2/src/materials/BN-small/pos/C12N/5'
2014-12-23 20:51:51: 新建复制 'J:/home1/zhouy/tcscripts/src/materials/BN-small/pos/C12N/6' -> 'H:/project2/src/materials/BN-small/pos/C12N/6'
2014-12-23 20:51:51: 新建复制 'J:/home1/zhouy/tcscripts/src/materials/BN-small/pos/C12N/7' -> 'H:/project2/src/materials/BN-small/pos/C12N/7'
2014-12-23 20:51:51: 新建复制 'J:/home1/zhouy/tcscripts/src/materials/BN-small/pos/C12N/8' -> 'H:/project2/src/materials/BN-small/pos/C12N/8'
2014-12-23 20:51:52: 新建复制 'J:/home1/zhouy/tcscripts/src/materials/BN-small/pos/C12N/9' -> 'H:/project2/src/materials/BN-small/pos/C12N/9'
2014-12-23 20:51:52: 新建复制 'J:/home1/zhouy/tcscripts/src/materials/BN-small/pos/C12N/origin' -> 'H:/project2/src/materials/BN-small/pos/C12N/origin'
2014-12-23 20:51:54: 新建复制 'J:/home1/zhouy/tcscripts/src/materials/BN-small/pos/C25N/0' -> 'H:/project2/src/materials/BN-small/pos/C25N/0'
2014-12-23 20:51:54: 新建复制 'J:/home1/zhouy/tcscripts/src/materials/BN-small/pos/C25N/1' -> 'H:/project2/src/materials/BN-small/pos/C25N/1'
2014-12-23 20:51:54: 新建复制 'J:/home1/zhouy/tcscripts/src/materials/BN-small/pos/C25N/10' -> 'H:/project2/src/materials/BN-small/pos/C25N/10'
2014-12-23 20:51:55: 新建复制 'J:/home1/zhouy/tcscripts/src/materials/BN-small/pos/C25N/11' -> 'H:/project2/src/materials/BN-small/pos/C25N/11'
2014-12-23 20:51:55: 新建复制 'J:/home1/zhouy/tcscripts/src/materials/BN-small/pos/C25N/12' -> 'H:/project2/src/materials/BN-small/pos/C25N/12'
2014-12-23 20:51:56: 新建复制 'J:/home1/zhouy/tcscripts/src/materials/BN-small/pos/C25N/13' -> 'H:/project2/src/materials/BN-small/pos/C25N/13'
2014-12-23 20:51:56: 新建复制 'J:/home1/zhouy/tcscripts/src/materials/BN-small/pos/C25N/14' -> 'H:/project2/src/materials/BN-small/pos/C25N/14'
2014-12-23 20:51:57: 新建复制 'J:/home1/zhouy/tcscripts/src/materials/BN-small/pos/C25N/15' -> 'H:/project2/src/materials/BN-small/pos/C25N/15'
2014-12-23 20:51:57: 新建复制 'J:/home1/zhouy/tcscripts/src/materials/BN-small/pos/C25N/16' -> 'H:/project2/src/materials/BN-small/pos/C25N/16'
2014-12-23 20:51:58: 新建复制 'J:/home1/zhouy/tcscripts/src/materials/BN-small/pos/C25N/17' -> 'H:/project2/src/materials/BN-small/pos/C25N/17'
2014-12-23 20:51:58: 新建复制 'J:/home1/zhouy/tcscripts/src/materials/BN-small/pos/C25N/18' -> 'H:/project2/src/materials/BN-small/pos/C25N/18'
2014-12-23 20:51:58: 新建复制 'J:/home1/zhouy/tcscripts/src/materials/BN-small/pos/C25N/19' -> 'H:/project2/src/materials/BN-small/pos/C25N/19'
2014-12-23 20:51:59: 新建复制 'J:/home1/zhouy/tcscripts/src/materials/BN-small/pos/C25N/2' -> 'H:/project2/src/materials/BN-small/pos/C25N/2'
2014-12-23 20:52:02: 新建复制 'J:/home1/zhouy/tcscripts/src/materials/BN-small/pos/C25N/20' -> 'H:/project2/src/materials/BN-small/pos/C25N/20'
2014-12-23 20:52:02: 新建复制 'J:/home1/zhouy/tcscripts/src/materials/BN-small/pos/C25N/21' -> 'H:/project2/src/materials/BN-small/pos/C25N/21'
2014-12-23 20:52:03: 新建复制 'J:/home1/zhouy/tcscripts/src/materials/BN-small/pos/C25N/22' -> 'H:/project2/src/materials/BN-small/pos/C25N/22'
2014-12-23 20:52:03: 新建复制 'J:/home1/zhouy/tcscripts/src/materials/BN-small/pos/C25N/23' -> 'H:/project2/src/materials/BN-small/pos/C25N/23'
2014-12-23 20:52:04: 新建复制 'J:/home1/zhouy/tcscripts/src/materials/BN-small/pos/C25N/24' -> 'H:/project2/src/materials/BN-small/pos/C25N/24'
2014-12-23 20:52:04: 新建复制 'J:/home1/zhouy/tcscripts/src/materials/BN-small/pos/C25N/25' -> 'H:/project2/src/materials/BN-small/pos/C25N/25'
2014-12-23 20:52:04: 新建复制 'J:/home1/zhouy/tcscripts/src/materials/BN-small/pos/C25N/26' -> 'H:/project2/src/materials/BN-small/pos/C25N/26'
2014-12-23 20:52:05: 新建复制 'J:/home1/zhouy/tcscripts/src/materials/BN-small/pos/C25N/27' -> 'H:/project2/src/materials/BN-small/pos/C25N/27'
2014-12-23 20:52:05: 新建复制 'J:/home1/zhouy/tcscripts/src/materials/BN-small/pos/C25N/28' -> 'H:/project2/src/materials/BN-small/pos/C25N/28'
2014-12-23 20:52:06: 新建复制 'J:/home1/zhouy/tcscripts/src/materials/BN-small/pos/C25N/29' -> 'H:/project2/src/materials/BN-small/pos/C25N/29'
2014-12-23 20:52:06: 新建复制 'J:/home1/zhouy/tcscripts/src/materials/BN-small/pos/C25N/3' -> 'H:/project2/src/materials/BN-small/pos/C25N/3'
2014-12-23 20:52:07: 新建复制 'J:/home1/zhouy/tcscripts/src/materials/BN-small/pos/C25N/30' -> 'H:/project2/src/materials/BN-small/pos/C25N/30'
2014-12-23 20:52:07: 新建复制 'J:/home1/zhouy/tcscripts/src/materials/BN-small/pos/C25N/4' -> 'H:/project2/src/materials/BN-small/pos/C25N/4'
2014-12-23 20:52:08: 新建复制 'J:/home1/zhouy/tcscripts/src/materials/BN-small/pos/C25N/5' -> 'H:/project2/src/materials/BN-small/pos/C25N/5'
2014-12-23 20:52:08: 新建复制 'J:/home1/zhouy/tcscripts/src/materials/BN-small/pos/C25N/6' -> 'H:/project2/src/materials/BN-small/pos/C25N/6'
2014-12-23 20:52:09: 新建复制 'J:/home1/zhouy/tcscripts/src/materials/BN-small/pos/C25N/7' -> 'H:/project2/src/materials/BN-small/pos/C25N/7'
2014-12-23 20:52:09: 新建复制 'J:/home1/zhouy/tcscripts/src/materials/BN-small/pos/C25N/8' -> 'H:/project2/src/materials/BN-small/pos/C25N/8'
2014-12-23 20:52:10: 新建复制 'J:/home1/zhouy/tcscripts/src/materials/BN-small/pos/C25N/9' -> 'H:/project2/src/materials/BN-small/pos/C25N/9'
2014-12-23 20:52:10: 新建复制 'J:/home1/zhouy/tcscripts/src/materials/BN-small/pos/C25N/origin' -> 'H:/project2/src/materials/BN-small/pos/C25N/origin'
2014-12-23 20:52:11: 新建复制 'J:/home1/zhouy/tcscripts/src/materials/BN-small/pos/C3N/0' -> 'H:/project2/src/materials/BN-small/pos/C3N/0'
2014-12-23 20:52:11: 新建复制 'J:/home1/zhouy/tcscripts/src/materials/BN-small/pos/C3N/1' -> 'H:/project2/src/materials/BN-small/pos/C3N/1'
2014-12-23 20:52:12: 新建复制 'J:/home1/zhouy/tcscripts/src/materials/BN-small/pos/C3N/10' -> 'H:/project2/src/materials/BN-small/pos/C3N/10'
2014-12-23 20:52:12: 新建复制 'J:/home1/zhouy/tcscripts/src/materials/BN-small/pos/C3N/11' -> 'H:/project2/src/materials/BN-small/pos/C3N/11'
2014-12-23 20:52:12: 新建复制 'J:/home1/zhouy/tcscripts/src/materials/BN-small/pos/C3N/12' -> 'H:/project2/src/materials/BN-small/pos/C3N/12'
2014-12-23 20:52:13: 新建复制 'J:/home1/zhouy/tcscripts/src/materials/BN-small/pos/C3N/13' -> 'H:/project2/src/materials/BN-small/pos/C3N/13'
2014-12-23 20:52:13: 新建复制 'J:/home1/zhouy/tcscripts/src/materials/BN-small/pos/C3N/14' -> 'H:/project2/src/materials/BN-small/pos/C3N/14'
2014-12-23 20:52:14: 新建复制 'J:/home1/zhouy/tcscripts/src/materials/BN-small/pos/C3N/15' -> 'H:/project2/src/materials/BN-small/pos/C3N/15'
2014-12-23 20:52:14: 新建复制 'J:/home1/zhouy/tcscripts/src/materials/BN-small/pos/C3N/16' -> 'H:/project2/src/materials/BN-small/pos/C3N/16'
2014-12-23 20:52:15: 新建复制 'J:/home1/zhouy/tcscripts/src/materials/BN-small/pos/C3N/17' -> 'H:/project2/src/materials/BN-small/pos/C3N/17'
2014-12-23 20:52:15: 新建复制 'J:/home1/zhouy/tcscripts/src/materials/BN-small/pos/C3N/18' -> 'H:/project2/src/materials/BN-small/pos/C3N/18'
2014-12-23 20:52:16: 新建复制 'J:/home1/zhouy/tcscripts/src/materials/BN-small/pos/C3N/19' -> 'H:/project2/src/materials/BN-small/pos/C3N/19'
2014-12-23 20:52:16: 新建复制 'J:/home1/zhouy/tcscripts/src/materials/BN-small/pos/C3N/2' -> 'H:/project2/src/materials/BN-small/pos/C3N/2'
2014-12-23 20:52:16: 新建复制 'J:/home1/zhouy/tcscripts/src/materials/BN-small/pos/C3N/20' -> 'H:/project2/src/materials/BN-small/pos/C3N/20'
2014-12-23 20:52:17: 新建复制 'J:/home1/zhouy/tcscripts/src/materials/BN-small/pos/C3N/21' -> 'H:/project2/src/materials/BN-small/pos/C3N/21'
2014-12-23 20:52:18: 新建复制 'J:/home1/zhouy/tcscripts/src/materials/BN-small/pos/C3N/22' -> 'H:/project2/src/materials/BN-small/pos/C3N/22'
2014-12-23 20:52:18: 2014/12/23 星期二 下午 8:52:18: 暂停
2014-12-23 20:52:19: 2014/12/23 星期二 下午 8:52:19: 继续
2014-12-23 20:52:19: 新建复制 'J:/home1/zhouy/tcscripts/src/materials/BN-small/pos/C3N/23' -> 'H:/project2/src/materials/BN-small/pos/C3N/23'
2014-12-23 20:52:20: 新建复制 'J:/home1/zhouy/tcscripts/src/materials/BN-small/pos/C3N/24' -> 'H:/project2/src/materials/BN-small/pos/C3N/24'
2014-12-23 20:52:20: 新建复制 'J:/home1/zhouy/tcscripts/src/materials/BN-small/pos/C3N/25' -> 'H:/project2/src/materials/BN-small/pos/C3N/25'
2014-12-23 20:52:21: 新建复制 'J:/home1/zhouy/tcscripts/src/materials/BN-small/pos/C3N/26' -> 'H:/project2/src/materials/BN-small/pos/C3N/26'
2014-12-23 20:52:21: 新建复制 'J:/home1/zhouy/tcscripts/src/materials/BN-small/pos/C3N/27' -> 'H:/project2/src/materials/BN-small/pos/C3N/27'
2014-12-23 20:52:21: 新建复制 'J:/home1/zhouy/tcscripts/src/materials/BN-small/pos/C3N/28' -> 'H:/project2/src/materials/BN-small/pos/C3N/28'
2014-12-23 20:52:22: 新建复制 'J:/home1/zhouy/tcscripts/src/materials/BN-small/pos/C3N/29' -> 'H:/project2/src/materials/BN-small/pos/C3N/29'
2014-12-23 20:52:22: 新建复制 'J:/home1/zhouy/tcscripts/src/materials/BN-small/pos/C3N/3' -> 'H:/project2/src/materials/BN-small/pos/C3N/3'
2014-12-23 20:52:23: 新建复制 'J:/home1/zhouy/tcscripts/src/materials/BN-small/pos/C3N/30' -> 'H:/project2/src/materials/BN-small/pos/C3N/30'
2014-12-23 20:52:23: 新建复制 'J:/home1/zhouy/tcscripts/src/materials/BN-small/pos/C3N/4' -> 'H:/project2/src/materials/BN-small/pos/C3N/4'
2014-12-23 20:52:24: 新建复制 'J:/home1/zhouy/tcscripts/src/materials/BN-small/pos/C3N/5' -> 'H:/project2/src/materials/BN-small/pos/C3N/5'
2014-12-23 20:52:24: 新建复制 'J:/home1/zhouy/tcscripts/src/materials/BN-small/pos/C3N/6' -> 'H:/project2/src/materials/BN-small/pos/C3N/6'
2014-12-23 20:52:25: 新建复制 'J:/home1/zhouy/tcscripts/src/materials/BN-small/pos/C3N/7' -> 'H:/project2/src/materials/BN-small/pos/C3N/7'
2014-12-23 20:52:25: 新建复制 'J:/home1/zhouy/tcscripts/src/materials/BN-small/pos/C3N/8' -> 'H:/project2/src/materials/BN-small/pos/C3N/8'
- 错误: Error copying file: 请求被中止。  (error 1235)
2014-12-23 20:52:25: stopped by Stop By User
2014-12-23 20:52:25: 
2014-12-23 20:52:28: == Sync Started by User
2014-12-23 20:52:31: 新建复制 'J:/home1/zhouy/tcscripts/src/materials/BN-small/pos/C3N/8' -> 'H:/project2/src/materials/BN-small/pos/C3N/8'
2014-12-23 20:52:31: 新建复制 'J:/home1/zhouy/tcscripts/src/materials/BN-small/pos/C3N/9' -> 'H:/project2/src/materials/BN-small/pos/C3N/9'
2014-12-23 20:52:32: 新建复制 'J:/home1/zhouy/tcscripts/src/materials/BN-small/pos/C3N/origin' -> 'H:/project2/src/materials/BN-small/pos/C3N/origin'
2014-12-23 20:52:32: 新建复制 'J:/home1/zhouy/tcscripts/src/materials/BN-small/pos/C3N1/0' -> 'H:/project2/src/materials/BN-small/pos/C3N1/0'
2014-12-23 20:52:33: 新建复制 'J:/home1/zhouy/tcscripts/src/materials/BN-small/pos/C3N1/1' -> 'H:/project2/src/materials/BN-small/pos/C3N1/1'
2014-12-23 20:52:35: 新建复制 'J:/home1/zhouy/tcscripts/src/materials/BN-small/pos/C3N1/10' -> 'H:/project2/src/materials/BN-small/pos/C3N1/10'
2014-12-23 20:52:36: 新建复制 'J:/home1/zhouy/tcscripts/src/materials/BN-small/pos/C3N1/11' -> 'H:/project2/src/materials/BN-small/pos/C3N1/11'
2014-12-23 20:52:36: 新建复制 'J:/home1/zhouy/tcscripts/src/materials/BN-small/pos/C3N1/12' -> 'H:/project2/src/materials/BN-small/pos/C3N1/12'
2014-12-23 20:52:37: 新建复制 'J:/home1/zhouy/tcscripts/src/materials/BN-small/pos/C3N1/13' -> 'H:/project2/src/materials/BN-small/pos/C3N1/13'
2014-12-23 20:52:37: 新建复制 'J:/home1/zhouy/tcscripts/src/materials/BN-small/pos/C3N1/14' -> 'H:/project2/src/materials/BN-small/pos/C3N1/14'
2014-12-23 20:52:37: 新建复制 'J:/home1/zhouy/tcscripts/src/materials/BN-small/pos/C3N1/15' -> 'H:/project2/src/materials/BN-small/pos/C3N1/15'
2014-12-23 20:52:38: 新建复制 'J:/home1/zhouy/tcscripts/src/materials/BN-small/pos/C3N1/16' -> 'H:/project2/src/materials/BN-small/pos/C3N1/16'
2014-12-23 20:52:44: 新建复制 'J:/home1/zhouy/tcscripts/src/materials/BN-small/pos/C3N1/17' -> 'H:/project2/src/materials/BN-small/pos/C3N1/17'
2014-12-23 20:52:44: 新建复制 'J:/home1/zhouy/tcscripts/src/materials/BN-small/pos/C3N1/18' -> 'H:/project2/src/materials/BN-small/pos/C3N1/18'
2014-12-23 20:52:45: 新建复制 'J:/home1/zhouy/tcscripts/src/materials/BN-small/pos/C3N1/19' -> 'H:/project2/src/materials/BN-small/pos/C3N1/19'
2014-12-23 20:52:46: 新建复制 'J:/home1/zhouy/tcscripts/src/materials/BN-small/pos/C3N1/2' -> 'H:/project2/src/materials/BN-small/pos/C3N1/2'
2014-12-23 20:52:46: 新建复制 'J:/home1/zhouy/tcscripts/src/materials/BN-small/pos/C3N1/20' -> 'H:/project2/src/materials/BN-small/pos/C3N1/20'
2014-12-23 20:52:46: 新建复制 'J:/home1/zhouy/tcscripts/src/materials/BN-small/pos/C3N1/21' -> 'H:/project2/src/materials/BN-small/pos/C3N1/21'
2014-12-23 20:52:47: 新建复制 'J:/home1/zhouy/tcscripts/src/materials/BN-small/pos/C3N1/22' -> 'H:/project2/src/materials/BN-small/pos/C3N1/22'
2014-12-23 20:52:47: 新建复制 'J:/home1/zhouy/tcscripts/src/materials/BN-small/pos/C3N1/23' -> 'H:/project2/src/materials/BN-small/pos/C3N1/23'
2014-12-23 20:52:48: 新建复制 'J:/home1/zhouy/tcscripts/src/materials/BN-small/pos/C3N1/24' -> 'H:/project2/src/materials/BN-small/pos/C3N1/24'
2014-12-23 20:52:51: 新建复制 'J:/home1/zhouy/tcscripts/src/materials/BN-small/pos/C3N1/25' -> 'H:/project2/src/materials/BN-small/pos/C3N1/25'
2014-12-23 20:52:51: 新建复制 'J:/home1/zhouy/tcscripts/src/materials/BN-small/pos/C3N1/26' -> 'H:/project2/src/materials/BN-small/pos/C3N1/26'
2014-12-23 20:52:52: 新建复制 'J:/home1/zhouy/tcscripts/src/materials/BN-small/pos/C3N1/27' -> 'H:/project2/src/materials/BN-small/pos/C3N1/27'
2014-12-23 20:52:52: 新建复制 'J:/home1/zhouy/tcscripts/src/materials/BN-small/pos/C3N1/28' -> 'H:/project2/src/materials/BN-small/pos/C3N1/28'
2014-12-23 20:52:53: 新建复制 'J:/home1/zhouy/tcscripts/src/materials/BN-small/pos/C3N1/29' -> 'H:/project2/src/materials/BN-small/pos/C3N1/29'
2014-12-23 20:52:53: 新建复制 'J:/home1/zhouy/tcscripts/src/materials/BN-small/pos/C3N1/3' -> 'H:/project2/src/materials/BN-small/pos/C3N1/3'
2014-12-23 20:52:54: 新建复制 'J:/home1/zhouy/tcscripts/src/materials/BN-small/pos/C3N1/30' -> 'H:/project2/src/materials/BN-small/pos/C3N1/30'
2014-12-23 20:52:54: 新建复制 'J:/home1/zhouy/tcscripts/src/materials/BN-small/pos/C3N1/4' -> 'H:/project2/src/materials/BN-small/pos/C3N1/4'
2014-12-23 20:52:55: 新建复制 'J:/home1/zhouy/tcscripts/src/materials/BN-small/pos/C3N1/5' -> 'H:/project2/src/materials/BN-small/pos/C3N1/5'
2014-12-23 20:52:55: 新建复制 'J:/home1/zhouy/tcscripts/src/materials/BN-small/pos/C3N1/6' -> 'H:/project2/src/materials/BN-small/pos/C3N1/6'
2014-12-23 20:52:56: 新建复制 'J:/home1/zhouy/tcscripts/src/materials/BN-small/pos/C3N1/7' -> 'H:/project2/src/materials/BN-small/pos/C3N1/7'
2014-12-23 20:52:56: 新建复制 'J:/home1/zhouy/tcscripts/src/materials/BN-small/pos/C3N1/8' -> 'H:/project2/src/materials/BN-small/pos/C3N1/8'
2014-12-23 20:52:57: 新建复制 'J:/home1/zhouy/tcscripts/src/materials/BN-small/pos/C3N1/9' -> 'H:/project2/src/materials/BN-small/pos/C3N1/9'
2014-12-23 20:52:57: 新建复制 'J:/home1/zhouy/tcscripts/src/materials/BN-small/pos/C3N1/origin' -> 'H:/project2/src/materials/BN-small/pos/C3N1/origin'
2014-12-23 20:52:58: 新建复制 'J:/home1/zhouy/tcscripts/src/materials/BN-small/pos/C51N/0' -> 'H:/project2/src/materials/BN-small/pos/C51N/0'
2014-12-23 20:52:58: 新建复制 'J:/home1/zhouy/tcscripts/src/materials/BN-small/pos/C51N/1' -> 'H:/project2/src/materials/BN-small/pos/C51N/1'
2014-12-23 20:52:59: 新建复制 'J:/home1/zhouy/tcscripts/src/materials/BN-small/pos/C51N/10' -> 'H:/project2/src/materials/BN-small/pos/C51N/10'
2014-12-23 20:52:59: 新建复制 'J:/home1/zhouy/tcscripts/src/materials/BN-small/pos/C51N/11' -> 'H:/project2/src/materials/BN-small/pos/C51N/11'
2014-12-23 20:53:00: 新建复制 'J:/home1/zhouy/tcscripts/src/materials/BN-small/pos/C51N/12' -> 'H:/project2/src/materials/BN-small/pos/C51N/12'
2014-12-23 20:53:00: 新建复制 'J:/home1/zhouy/tcscripts/src/materials/BN-small/pos/C51N/13' -> 'H:/project2/src/materials/BN-small/pos/C51N/13'
2014-12-23 20:53:00: 新建复制 'J:/home1/zhouy/tcscripts/src/materials/BN-small/pos/C51N/14' -> 'H:/project2/src/materials/BN-small/pos/C51N/14'
2014-12-23 20:53:01: 新建复制 'J:/home1/zhouy/tcscripts/src/materials/BN-small/pos/C51N/15' -> 'H:/project2/src/materials/BN-small/pos/C51N/15'
2014-12-23 20:53:01: 新建复制 'J:/home1/zhouy/tcscripts/src/materials/BN-small/pos/C51N/16' -> 'H:/project2/src/materials/BN-small/pos/C51N/16'
2014-12-23 20:53:02: 新建复制 'J:/home1/zhouy/tcscripts/src/materials/BN-small/pos/C51N/17' -> 'H:/project2/src/materials/BN-small/pos/C51N/17'
2014-12-23 20:53:02: 新建复制 'J:/home1/zhouy/tcscripts/src/materials/BN-small/pos/C51N/18' -> 'H:/project2/src/materials/BN-small/pos/C51N/18'
2014-12-23 20:53:03: 新建复制 'J:/home1/zhouy/tcscripts/src/materials/BN-small/pos/C51N/19' -> 'H:/project2/src/materials/BN-small/pos/C51N/19'
2014-12-23 20:53:03: 新建复制 'J:/home1/zhouy/tcscripts/src/materials/BN-small/pos/C51N/2' -> 'H:/project2/src/materials/BN-small/pos/C51N/2'
2014-12-23 20:53:04: 新建复制 'J:/home1/zhouy/tcscripts/src/materials/BN-small/pos/C51N/20' -> 'H:/project2/src/materials/BN-small/pos/C51N/20'
2014-12-23 20:53:04: 新建复制 'J:/home1/zhouy/tcscripts/src/materials/BN-small/pos/C51N/21' -> 'H:/project2/src/materials/BN-small/pos/C51N/21'
2014-12-23 20:53:05: 新建复制 'J:/home1/zhouy/tcscripts/src/materials/BN-small/pos/C51N/22' -> 'H:/project2/src/materials/BN-small/pos/C51N/22'
2014-12-23 20:53:05: 新建复制 'J:/home1/zhouy/tcscripts/src/materials/BN-small/pos/C51N/23' -> 'H:/project2/src/materials/BN-small/pos/C51N/23'
2014-12-23 20:53:05: 新建复制 'J:/home1/zhouy/tcscripts/src/materials/BN-small/pos/C51N/24' -> 'H:/project2/src/materials/BN-small/pos/C51N/24'
2014-12-23 20:53:06: 新建复制 'J:/home1/zhouy/tcscripts/src/materials/BN-small/pos/C51N/25' -> 'H:/project2/src/materials/BN-small/pos/C51N/25'
2014-12-23 20:53:06: 新建复制 'J:/home1/zhouy/tcscripts/src/materials/BN-small/pos/C51N/26' -> 'H:/project2/src/materials/BN-small/pos/C51N/26'
2014-12-23 20:53:07: 新建复制 'J:/home1/zhouy/tcscripts/src/materials/BN-small/pos/C51N/27' -> 'H:/project2/src/materials/BN-small/pos/C51N/27'
2014-12-23 20:53:07: 新建复制 'J:/home1/zhouy/tcscripts/src/materials/BN-small/pos/C51N/28' -> 'H:/project2/src/materials/BN-small/pos/C51N/28'
2014-12-23 20:53:08: 新建复制 'J:/home1/zhouy/tcscripts/src/materials/BN-small/pos/C51N/29' -> 'H:/project2/src/materials/BN-small/pos/C51N/29'
2014-12-23 20:53:08: 新建复制 'J:/home1/zhouy/tcscripts/src/materials/BN-small/pos/C51N/3' -> 'H:/project2/src/materials/BN-small/pos/C51N/3'
2014-12-23 20:53:09: 新建复制 'J:/home1/zhouy/tcscripts/src/materials/BN-small/pos/C51N/30' -> 'H:/project2/src/materials/BN-small/pos/C51N/30'
2014-12-23 20:53:09: 新建复制 'J:/home1/zhouy/tcscripts/src/materials/BN-small/pos/C51N/4' -> 'H:/project2/src/materials/BN-small/pos/C51N/4'
2014-12-23 20:53:10: 新建复制 'J:/home1/zhouy/tcscripts/src/materials/BN-small/pos/C51N/5' -> 'H:/project2/src/materials/BN-small/pos/C51N/5'
2014-12-23 20:53:10: 新建复制 'J:/home1/zhouy/tcscripts/src/materials/BN-small/pos/C51N/6' -> 'H:/project2/src/materials/BN-small/pos/C51N/6'
2014-12-23 20:53:11: 新建复制 'J:/home1/zhouy/tcscripts/src/materials/BN-small/pos/C51N/7' -> 'H:/project2/src/materials/BN-small/pos/C51N/7'
2014-12-23 20:53:11: 新建复制 'J:/home1/zhouy/tcscripts/src/materials/BN-small/pos/C51N/8' -> 'H:/project2/src/materials/BN-small/pos/C51N/8'
2014-12-23 20:53:12: 新建复制 'J:/home1/zhouy/tcscripts/src/materials/BN-small/pos/C51N/9' -> 'H:/project2/src/materials/BN-small/pos/C51N/9'
2014-12-23 20:53:12: 新建复制 'J:/home1/zhouy/tcscripts/src/materials/BN-small/pos/C51N/origin' -> 'H:/project2/src/materials/BN-small/pos/C51N/origin'
2014-12-23 20:53:13: 新建复制 'J:/home1/zhouy/tcscripts/src/materials/BN-small/pos/CN/0' -> 'H:/project2/src/materials/BN-small/pos/CN/0'
2014-12-23 20:53:13: 新建复制 'J:/home1/zhouy/tcscripts/src/materials/BN-small/pos/CN/1' -> 'H:/project2/src/materials/BN-small/pos/CN/1'
2014-12-23 20:53:13: 新建复制 'J:/home1/zhouy/tcscripts/src/materials/BN-small/pos/CN/10' -> 'H:/project2/src/materials/BN-small/pos/CN/10'
2014-12-23 20:53:14: 新建复制 'J:/home1/zhouy/tcscripts/src/materials/BN-small/pos/CN/11' -> 'H:/project2/src/materials/BN-small/pos/CN/11'
2014-12-23 20:53:14: 新建复制 'J:/home1/zhouy/tcscripts/src/materials/BN-small/pos/CN/12' -> 'H:/project2/src/materials/BN-small/pos/CN/12'
2014-12-23 20:53:15: 新建复制 'J:/home1/zhouy/tcscripts/src/materials/BN-small/pos/CN/13' -> 'H:/project2/src/materials/BN-small/pos/CN/13'
2014-12-23 20:53:15: 新建复制 'J:/home1/zhouy/tcscripts/src/materials/BN-small/pos/CN/14' -> 'H:/project2/src/materials/BN-small/pos/CN/14'
2014-12-23 20:53:16: 新建复制 'J:/home1/zhouy/tcscripts/src/materials/BN-small/pos/CN/15' -> 'H:/project2/src/materials/BN-small/pos/CN/15'
2014-12-23 20:53:16: 新建复制 'J:/home1/zhouy/tcscripts/src/materials/BN-small/pos/CN/16' -> 'H:/project2/src/materials/BN-small/pos/CN/16'
2014-12-23 20:53:17: 新建复制 'J:/home1/zhouy/tcscripts/src/materials/BN-small/pos/CN/17' -> 'H:/project2/src/materials/BN-small/pos/CN/17'
2014-12-23 20:53:17: 新建复制 'J:/home1/zhouy/tcscripts/src/materials/BN-small/pos/CN/18' -> 'H:/project2/src/materials/BN-small/pos/CN/18'
2014-12-23 20:53:18: 新建复制 'J:/home1/zhouy/tcscripts/src/materials/BN-small/pos/CN/19' -> 'H:/project2/src/materials/BN-small/pos/CN/19'
2014-12-23 20:53:18: 新建复制 'J:/home1/zhouy/tcscripts/src/materials/BN-small/pos/CN/2' -> 'H:/project2/src/materials/BN-small/pos/CN/2'
2014-12-23 20:53:18: 新建复制 'J:/home1/zhouy/tcscripts/src/materials/BN-small/pos/CN/20' -> 'H:/project2/src/materials/BN-small/pos/CN/20'
2014-12-23 20:53:19: 新建复制 'J:/home1/zhouy/tcscripts/src/materials/BN-small/pos/CN/21' -> 'H:/project2/src/materials/BN-small/pos/CN/21'
2014-12-23 20:53:20: 新建复制 'J:/home1/zhouy/tcscripts/src/materials/BN-small/pos/CN/22' -> 'H:/project2/src/materials/BN-small/pos/CN/22'
2014-12-23 20:53:21: 新建复制 'J:/home1/zhouy/tcscripts/src/materials/BN-small/pos/CN/23' -> 'H:/project2/src/materials/BN-small/pos/CN/23'
2014-12-23 20:53:21: 新建复制 'J:/home1/zhouy/tcscripts/src/materials/BN-small/pos/CN/24' -> 'H:/project2/src/materials/BN-small/pos/CN/24'
2014-12-23 20:53:21: 新建复制 'J:/home1/zhouy/tcscripts/src/materials/BN-small/pos/CN/25' -> 'H:/project2/src/materials/BN-small/pos/CN/25'
2014-12-23 20:53:22: 新建复制 'J:/home1/zhouy/tcscripts/src/materials/BN-small/pos/CN/26' -> 'H:/project2/src/materials/BN-small/pos/CN/26'
2014-12-23 20:53:22: 新建复制 'J:/home1/zhouy/tcscripts/src/materials/BN-small/pos/CN/27' -> 'H:/project2/src/materials/BN-small/pos/CN/27'
2014-12-23 20:53:23: 新建复制 'J:/home1/zhouy/tcscripts/src/materials/BN-small/pos/CN/28' -> 'H:/project2/src/materials/BN-small/pos/CN/28'
2014-12-23 20:53:23: 新建复制 'J:/home1/zhouy/tcscripts/src/materials/BN-small/pos/CN/29' -> 'H:/project2/src/materials/BN-small/pos/CN/29'
2014-12-23 20:53:24: 新建复制 'J:/home1/zhouy/tcscripts/src/materials/BN-small/pos/CN/3' -> 'H:/project2/src/materials/BN-small/pos/CN/3'
2014-12-23 20:53:24: 新建复制 'J:/home1/zhouy/tcscripts/src/materials/BN-small/pos/CN/30' -> 'H:/project2/src/materials/BN-small/pos/CN/30'
2014-12-23 20:53:25: 新建复制 'J:/home1/zhouy/tcscripts/src/materials/BN-small/pos/CN/4' -> 'H:/project2/src/materials/BN-small/pos/CN/4'
2014-12-23 20:53:25: 新建复制 'J:/home1/zhouy/tcscripts/src/materials/BN-small/pos/CN/5' -> 'H:/project2/src/materials/BN-small/pos/CN/5'
2014-12-23 20:53:26: 新建复制 'J:/home1/zhouy/tcscripts/src/materials/BN-small/pos/CN/6' -> 'H:/project2/src/materials/BN-small/pos/CN/6'
2014-12-23 20:53:26: 新建复制 'J:/home1/zhouy/tcscripts/src/materials/BN-small/pos/CN/7' -> 'H:/project2/src/materials/BN-small/pos/CN/7'
2014-12-23 20:53:26: 新建复制 'J:/home1/zhouy/tcscripts/src/materials/BN-small/pos/CN/8' -> 'H:/project2/src/materials/BN-small/pos/CN/8'
2014-12-23 20:53:27: 新建复制 'J:/home1/zhouy/tcscripts/src/materials/BN-small/pos/CN/9' -> 'H:/project2/src/materials/BN-small/pos/CN/9'
2014-12-23 20:53:27: 新建复制 'J:/home1/zhouy/tcscripts/src/materials/BN-small/pos/CN/origin' -> 'H:/project2/src/materials/BN-small/pos/CN/origin'
2014-12-23 20:53:28: 新建复制 'J:/home1/zhouy/tcscripts/src/materials/BN-small/pos/CN1/0' -> 'H:/project2/src/materials/BN-small/pos/CN1/0'
2014-12-23 20:53:28: 新建复制 'J:/home1/zhouy/tcscripts/src/materials/BN-small/pos/CN1/1' -> 'H:/project2/src/materials/BN-small/pos/CN1/1'
2014-12-23 20:53:29: 新建复制 'J:/home1/zhouy/tcscripts/src/materials/BN-small/pos/CN1/10' -> 'H:/project2/src/materials/BN-small/pos/CN1/10'
2014-12-23 20:53:31: 新建复制 'J:/home1/zhouy/tcscripts/src/materials/BN-small/pos/CN1/11' -> 'H:/project2/src/materials/BN-small/pos/CN1/11'
2014-12-23 20:53:31: 新建复制 'J:/home1/zhouy/tcscripts/src/materials/BN-small/pos/CN1/12' -> 'H:/project2/src/materials/BN-small/pos/CN1/12'
2014-12-23 20:53:32: 新建复制 'J:/home1/zhouy/tcscripts/src/materials/BN-small/pos/CN1/13' -> 'H:/project2/src/materials/BN-small/pos/CN1/13'
2014-12-23 20:53:32: 新建复制 'J:/home1/zhouy/tcscripts/src/materials/BN-small/pos/CN1/14' -> 'H:/project2/src/materials/BN-small/pos/CN1/14'
2014-12-23 20:53:32: 新建复制 'J:/home1/zhouy/tcscripts/src/materials/BN-small/pos/CN1/15' -> 'H:/project2/src/materials/BN-small/pos/CN1/15'
2014-12-23 20:53:33: 新建复制 'J:/home1/zhouy/tcscripts/src/materials/BN-small/pos/CN1/16' -> 'H:/project2/src/materials/BN-small/pos/CN1/16'
2014-12-23 20:53:33: 新建复制 'J:/home1/zhouy/tcscripts/src/materials/BN-small/pos/CN1/17' -> 'H:/project2/src/materials/BN-small/pos/CN1/17'
2014-12-23 20:53:34: 新建复制 'J:/home1/zhouy/tcscripts/src/materials/BN-small/pos/CN1/18' -> 'H:/project2/src/materials/BN-small/pos/CN1/18'
2014-12-23 20:53:35: 新建复制 'J:/home1/zhouy/tcscripts/src/materials/BN-small/pos/CN1/19' -> 'H:/project2/src/materials/BN-small/pos/CN1/19'
2014-12-23 20:53:36: 新建复制 'J:/home1/zhouy/tcscripts/src/materials/BN-small/pos/CN1/2' -> 'H:/project2/src/materials/BN-small/pos/CN1/2'
2014-12-23 20:53:36: 新建复制 'J:/home1/zhouy/tcscripts/src/materials/BN-small/pos/CN1/20' -> 'H:/project2/src/materials/BN-small/pos/CN1/20'
2014-12-23 20:53:36: 新建复制 'J:/home1/zhouy/tcscripts/src/materials/BN-small/pos/CN1/21' -> 'H:/project2/src/materials/BN-small/pos/CN1/21'
2014-12-23 20:53:37: 新建复制 'J:/home1/zhouy/tcscripts/src/materials/BN-small/pos/CN1/22' -> 'H:/project2/src/materials/BN-small/pos/CN1/22'
2014-12-23 20:53:37: 新建复制 'J:/home1/zhouy/tcscripts/src/materials/BN-small/pos/CN1/23' -> 'H:/project2/src/materials/BN-small/pos/CN1/23'
2014-12-23 20:53:38: 新建复制 'J:/home1/zhouy/tcscripts/src/materials/BN-small/pos/CN1/24' -> 'H:/project2/src/materials/BN-small/pos/CN1/24'
2014-12-23 20:53:38: 新建复制 'J:/home1/zhouy/tcscripts/src/materials/BN-small/pos/CN1/25' -> 'H:/project2/src/materials/BN-small/pos/CN1/25'
2014-12-23 20:53:39: 新建复制 'J:/home1/zhouy/tcscripts/src/materials/BN-small/pos/CN1/26' -> 'H:/project2/src/materials/BN-small/pos/CN1/26'
2014-12-23 20:53:40: 新建复制 'J:/home1/zhouy/tcscripts/src/materials/BN-small/pos/CN1/27' -> 'H:/project2/src/materials/BN-small/pos/CN1/27'
2014-12-23 20:53:41: 新建复制 'J:/home1/zhouy/tcscripts/src/materials/BN-small/pos/CN1/28' -> 'H:/project2/src/materials/BN-small/pos/CN1/28'
2014-12-23 20:53:41: 新建复制 'J:/home1/zhouy/tcscripts/src/materials/BN-small/pos/CN1/29' -> 'H:/project2/src/materials/BN-small/pos/CN1/29'
2014-12-23 20:53:42: 新建复制 'J:/home1/zhouy/tcscripts/src/materials/BN-small/pos/CN1/3' -> 'H:/project2/src/materials/BN-small/pos/CN1/3'
2014-12-23 20:53:42: 新建复制 'J:/home1/zhouy/tcscripts/src/materials/BN-small/pos/CN1/30' -> 'H:/project2/src/materials/BN-small/pos/CN1/30'
2014-12-23 20:53:43: 新建复制 'J:/home1/zhouy/tcscripts/src/materials/BN-small/pos/CN1/4' -> 'H:/project2/src/materials/BN-small/pos/CN1/4'
2014-12-23 20:53:43: 新建复制 'J:/home1/zhouy/tcscripts/src/materials/BN-small/pos/CN1/5' -> 'H:/project2/src/materials/BN-small/pos/CN1/5'
2014-12-23 20:53:43: 新建复制 'J:/home1/zhouy/tcscripts/src/materials/BN-small/pos/CN1/6' -> 'H:/project2/src/materials/BN-small/pos/CN1/6'
2014-12-23 20:53:44: 新建复制 'J:/home1/zhouy/tcscripts/src/materials/BN-small/pos/CN1/7' -> 'H:/project2/src/materials/BN-small/pos/CN1/7'
2014-12-23 20:53:45: 新建复制 'J:/home1/zhouy/tcscripts/src/materials/BN-small/pos/CN1/8' -> 'H:/project2/src/materials/BN-small/pos/CN1/8'
2014-12-23 20:53:45: 新建复制 'J:/home1/zhouy/tcscripts/src/materials/BN-small/pos/CN1/9' -> 'H:/project2/src/materials/BN-small/pos/CN1/9'
2014-12-23 20:53:46: 新建复制 'J:/home1/zhouy/tcscripts/src/materials/BN-small/pos/CN1/origin' -> 'H:/project2/src/materials/BN-small/pos/CN1/origin'
2014-12-23 20:53:46: 新建复制 'J:/home1/zhouy/tcscripts/src/materials/BN-small/structure' -> 'H:/project2/src/materials/BN-small/structure'
2014-12-23 20:53:47: 新建复制 'J:/home1/zhouy/tcscripts/src/materials/BN-small/structure.php' -> 'H:/project2/src/materials/BN-small/structure.php'
2014-12-23 20:53:47: 新建复制 'J:/home1/zhouy/tcscripts/src/materials/C12N/asdf' -> 'H:/project2/src/materials/C12N/asdf'
2014-12-23 20:53:48: 新建复制 'J:/home1/zhouy/tcscripts/src/materials/C12N/cell.in' -> 'H:/project2/src/materials/C12N/cell.in'
2014-12-23 20:53:48: 新建复制 'J:/home1/zhouy/tcscripts/src/materials/C12N/CN.xyz' -> 'H:/project2/src/materials/C12N/CN.xyz'
2014-12-23 20:53:48: 新建复制 'J:/home1/zhouy/tcscripts/src/materials/C12N/disp.php' -> 'H:/project2/src/materials/C12N/disp.php'
2014-12-23 20:53:49: 新建复制 'J:/home1/zhouy/tcscripts/src/materials/C12N/in.disp' -> 'H:/project2/src/materials/C12N/in.disp'
2014-12-23 20:53:49: 新建复制 'J:/home1/zhouy/tcscripts/src/materials/C12N/map.in' -> 'H:/project2/src/materials/C12N/map.in'
2014-12-23 20:53:49: 新建复制 'J:/home1/zhouy/tcscripts/src/materials/C12N/parameter.php' -> 'H:/project2/src/materials/C12N/parameter.php'
2014-12-23 20:53:50: 新建复制 'J:/home1/zhouy/tcscripts/src/materials/C12N/structure' -> 'H:/project2/src/materials/C12N/structure'
2014-12-23 20:53:50: 新建复制 'J:/home1/zhouy/tcscripts/src/materials/C12N/structure.php' -> 'H:/project2/src/materials/C12N/structure.php'
2014-12-23 20:53:50: 新建复制 'J:/home1/zhouy/tcscripts/src/materials/C12N/test.php' -> 'H:/project2/src/materials/C12N/test.php'
2014-12-23 20:53:51: 新建复制 'J:/home1/zhouy/tcscripts/src/materials/C12Nr/cell.in' -> 'H:/project2/src/materials/C12Nr/cell.in'
2014-12-23 20:53:51: 新建复制 'J:/home1/zhouy/tcscripts/src/materials/C12Nr/disp.php' -> 'H:/project2/src/materials/C12Nr/disp.php'
2014-12-23 20:53:51: 新建复制 'J:/home1/zhouy/tcscripts/src/materials/C12Nr/dump2structure.php' -> 'H:/project2/src/materials/C12Nr/dump2structure.php'
2014-12-23 20:53:52: 新建复制 'J:/home1/zhouy/tcscripts/src/materials/C12Nr/in' -> 'H:/project2/src/materials/C12Nr/in'
2014-12-23 20:53:52: 新建复制 'J:/home1/zhouy/tcscripts/src/materials/C12Nr/in.disp' -> 'H:/project2/src/materials/C12Nr/in.disp'
2014-12-23 20:53:52: 新建复制 'J:/home1/zhouy/tcscripts/src/materials/C12Nr/input.php' -> 'H:/project2/src/materials/C12Nr/input.php'
2014-12-23 20:53:53: 新建复制 'J:/home1/zhouy/tcscripts/src/materials/C12Nr/log.lammps' -> 'H:/project2/src/materials/C12Nr/log.lammps'
2014-12-23 20:53:58: 新建复制 'J:/home1/zhouy/tcscripts/src/materials/C12Nr/metropolis.lammpstrj' -> 'H:/project2/src/materials/C12Nr/metropolis.lammpstrj'
2014-12-23 20:53:58: 新建复制 'J:/home1/zhouy/tcscripts/src/materials/C12Nr/metropolis.structure' -> 'H:/project2/src/materials/C12Nr/metropolis.structure'
2014-12-23 20:54:04: 新建复制 'J:/home1/zhouy/tcscripts/src/materials/C12Nr/metropolis.xyz' -> 'H:/project2/src/materials/C12Nr/metropolis.xyz'
2014-12-23 20:54:04: 新建复制 'J:/home1/zhouy/tcscripts/src/materials/C12Nr/parameter.php' -> 'H:/project2/src/materials/C12Nr/parameter.php'
2014-12-23 20:54:05: 新建复制 'J:/home1/zhouy/tcscripts/src/materials/C12Nr/rand_CN.xyz' -> 'H:/project2/src/materials/C12Nr/rand_CN.xyz'
2014-12-23 20:54:05: 新建复制 'J:/home1/zhouy/tcscripts/src/materials/C12Nr/rand_map.in' -> 'H:/project2/src/materials/C12Nr/rand_map.in'
2014-12-23 20:54:06: 新建复制 'J:/home1/zhouy/tcscripts/src/materials/C12Nr/rand_structure' -> 'H:/project2/src/materials/C12Nr/rand_structure'
2014-12-23 20:54:06: 新建复制 'J:/home1/zhouy/tcscripts/src/materials/C12Nr/structure' -> 'H:/project2/src/materials/C12Nr/structure'
2014-12-23 20:54:06: 新建复制 'J:/home1/zhouy/tcscripts/src/materials/C12Nr/structure.php' -> 'H:/project2/src/materials/C12Nr/structure.php'
2014-12-23 20:54:07: 新建复制 'J:/home1/zhouy/tcscripts/src/materials/C25aN/asdf' -> 'H:/project2/src/materials/C25aN/asdf'
2014-12-23 20:54:07: 新建复制 'J:/home1/zhouy/tcscripts/src/materials/C25aN/cell.in' -> 'H:/project2/src/materials/C25aN/cell.in'
2014-12-23 20:54:07: 新建复制 'J:/home1/zhouy/tcscripts/src/materials/C25aN/CN.xyz' -> 'H:/project2/src/materials/C25aN/CN.xyz'
2014-12-23 20:54:08: 新建复制 'J:/home1/zhouy/tcscripts/src/materials/C25aN/disp.php' -> 'H:/project2/src/materials/C25aN/disp.php'
2014-12-23 20:54:08: 新建复制 'J:/home1/zhouy/tcscripts/src/materials/C25aN/in.disp' -> 'H:/project2/src/materials/C25aN/in.disp'
2014-12-23 20:54:08: 新建复制 'J:/home1/zhouy/tcscripts/src/materials/C25aN/map.in' -> 'H:/project2/src/materials/C25aN/map.in'
2014-12-23 20:54:09: 新建复制 'J:/home1/zhouy/tcscripts/src/materials/C25aN/parameter.php' -> 'H:/project2/src/materials/C25aN/parameter.php'
2014-12-23 20:54:09: 新建复制 'J:/home1/zhouy/tcscripts/src/materials/C25aN/structure' -> 'H:/project2/src/materials/C25aN/structure'
2014-12-23 20:54:09: 新建复制 'J:/home1/zhouy/tcscripts/src/materials/C25aN/structure.php' -> 'H:/project2/src/materials/C25aN/structure.php'
2014-12-23 20:54:10: 新建复制 'J:/home1/zhouy/tcscripts/src/materials/C25aN/test.php' -> 'H:/project2/src/materials/C25aN/test.php'
2014-12-23 20:54:10: 新建复制 'J:/home1/zhouy/tcscripts/src/materials/C25bN/asdf' -> 'H:/project2/src/materials/C25bN/asdf'
2014-12-23 20:54:10: 新建复制 'J:/home1/zhouy/tcscripts/src/materials/C25bN/cell.in' -> 'H:/project2/src/materials/C25bN/cell.in'
2014-12-23 20:54:11: 新建复制 'J:/home1/zhouy/tcscripts/src/materials/C25bN/CN.xyz' -> 'H:/project2/src/materials/C25bN/CN.xyz'
2014-12-23 20:54:11: 新建复制 'J:/home1/zhouy/tcscripts/src/materials/C25bN/disp.php' -> 'H:/project2/src/materials/C25bN/disp.php'
2014-12-23 20:54:11: 新建复制 'J:/home1/zhouy/tcscripts/src/materials/C25bN/in.disp' -> 'H:/project2/src/materials/C25bN/in.disp'
2014-12-23 20:54:12: 新建复制 'J:/home1/zhouy/tcscripts/src/materials/C25bN/map.in' -> 'H:/project2/src/materials/C25bN/map.in'
2014-12-23 20:54:12: 新建复制 'J:/home1/zhouy/tcscripts/src/materials/C25bN/parameter.php' -> 'H:/project2/src/materials/C25bN/parameter.php'
2014-12-23 20:54:12: 新建复制 'J:/home1/zhouy/tcscripts/src/materials/C25bN/structure' -> 'H:/project2/src/materials/C25bN/structure'
2014-12-23 20:54:13: 新建复制 'J:/home1/zhouy/tcscripts/src/materials/C25bN/structure.php' -> 'H:/project2/src/materials/C25bN/structure.php'
2014-12-23 20:54:13: 新建复制 'J:/home1/zhouy/tcscripts/src/materials/C25bN/test.php' -> 'H:/project2/src/materials/C25bN/test.php'
2014-12-23 20:54:14: 新建复制 'J:/home1/zhouy/tcscripts/src/materials/C25N/asdf' -> 'H:/project2/src/materials/C25N/asdf'
2014-12-23 20:54:14: 新建复制 'J:/home1/zhouy/tcscripts/src/materials/C25N/cell.in' -> 'H:/project2/src/materials/C25N/cell.in'
2014-12-23 20:54:14: 新建复制 'J:/home1/zhouy/tcscripts/src/materials/C25N/CN.xyz' -> 'H:/project2/src/materials/C25N/CN.xyz'
2014-12-23 20:54:15: 新建复制 'J:/home1/zhouy/tcscripts/src/materials/C25N/disp.php' -> 'H:/project2/src/materials/C25N/disp.php'
2014-12-23 20:54:15: 新建复制 'J:/home1/zhouy/tcscripts/src/materials/C25N/in.disp' -> 'H:/project2/src/materials/C25N/in.disp'
2014-12-23 20:54:16: 新建复制 'J:/home1/zhouy/tcscripts/src/materials/C25N/map.in' -> 'H:/project2/src/materials/C25N/map.in'
2014-12-23 20:54:16: 新建复制 'J:/home1/zhouy/tcscripts/src/materials/C25N/parameter.php' -> 'H:/project2/src/materials/C25N/parameter.php'
2014-12-23 20:54:16: 新建复制 'J:/home1/zhouy/tcscripts/src/materials/C25N/structure' -> 'H:/project2/src/materials/C25N/structure'
2014-12-23 20:54:17: 新建复制 'J:/home1/zhouy/tcscripts/src/materials/C25N/structure.php' -> 'H:/project2/src/materials/C25N/structure.php'
2014-12-23 20:54:17: 新建复制 'J:/home1/zhouy/tcscripts/src/materials/C25N/test.php' -> 'H:/project2/src/materials/C25N/test.php'
2014-12-23 20:54:17: 新建复制 'J:/home1/zhouy/tcscripts/src/materials/C3aN-rotate/asdf' -> 'H:/project2/src/materials/C3aN-rotate/asdf'
2014-12-23 20:54:18: 新建复制 'J:/home1/zhouy/tcscripts/src/materials/C3aN-rotate/cell.in' -> 'H:/project2/src/materials/C3aN-rotate/cell.in'
2014-12-23 20:54:18: 新建复制 'J:/home1/zhouy/tcscripts/src/materials/C3aN-rotate/CN.xyz' -> 'H:/project2/src/materials/C3aN-rotate/CN.xyz'
2014-12-23 20:54:18: 新建复制 'J:/home1/zhouy/tcscripts/src/materials/C3aN-rotate/disp.php' -> 'H:/project2/src/materials/C3aN-rotate/disp.php'
2014-12-23 20:54:19: 新建复制 'J:/home1/zhouy/tcscripts/src/materials/C3aN-rotate/in.disp' -> 'H:/project2/src/materials/C3aN-rotate/in.disp'
2014-12-23 20:54:19: 新建复制 'J:/home1/zhouy/tcscripts/src/materials/C3aN-rotate/parameter.php' -> 'H:/project2/src/materials/C3aN-rotate/parameter.php'
2014-12-23 20:54:24: 新建复制 'J:/home1/zhouy/tcscripts/src/materials/C3aN-rotate/structure' -> 'H:/project2/src/materials/C3aN-rotate/structure'
2014-12-23 20:54:24: 新建复制 'J:/home1/zhouy/tcscripts/src/materials/C3aN-rotate/structure.php' -> 'H:/project2/src/materials/C3aN-rotate/structure.php'
2014-12-23 20:54:25: 新建复制 'J:/home1/zhouy/tcscripts/src/materials/C3aN-rotate/test.php' -> 'H:/project2/src/materials/C3aN-rotate/test.php'
2014-12-23 20:54:25: 新建复制 'J:/home1/zhouy/tcscripts/src/materials/C3N/cell.in' -> 'H:/project2/src/materials/C3N/cell.in'
2014-12-23 20:54:25: 新建复制 'J:/home1/zhouy/tcscripts/src/materials/C3N/disp.php' -> 'H:/project2/src/materials/C3N/disp.php'
2014-12-23 20:54:26: 新建复制 'J:/home1/zhouy/tcscripts/src/materials/C3N/parameter.php' -> 'H:/project2/src/materials/C3N/parameter.php'
2014-12-23 20:54:27: 新建复制 'J:/home1/zhouy/tcscripts/src/materials/C3N/structure.php' -> 'H:/project2/src/materials/C3N/structure.php'
2014-12-23 20:54:28: 新建复制 'J:/home1/zhouy/tcscripts/src/materials/C3N-rotate/asdf' -> 'H:/project2/src/materials/C3N-rotate/asdf'
2014-12-23 20:54:28: 新建复制 'J:/home1/zhouy/tcscripts/src/materials/C3N-rotate/cell.in' -> 'H:/project2/src/materials/C3N-rotate/cell.in'
2014-12-23 20:54:30: 新建复制 'J:/home1/zhouy/tcscripts/src/materials/C3N-rotate/CN.xyz' -> 'H:/project2/src/materials/C3N-rotate/CN.xyz'
2014-12-23 20:54:30: 新建复制 'J:/home1/zhouy/tcscripts/src/materials/C3N-rotate/disp.php' -> 'H:/project2/src/materials/C3N-rotate/disp.php'
2014-12-23 20:54:31: 新建复制 'J:/home1/zhouy/tcscripts/src/materials/C3N-rotate/in.disp' -> 'H:/project2/src/materials/C3N-rotate/in.disp'
2014-12-23 20:54:31: 新建复制 'J:/home1/zhouy/tcscripts/src/materials/C3N-rotate/map.in' -> 'H:/project2/src/materials/C3N-rotate/map.in'
2014-12-23 20:54:31: 新建复制 'J:/home1/zhouy/tcscripts/src/materials/C3N-rotate/parameter.php' -> 'H:/project2/src/materials/C3N-rotate/parameter.php'
2014-12-23 20:54:31: 新建复制 'J:/home1/zhouy/tcscripts/src/materials/C3N-rotate/structure' -> 'H:/project2/src/materials/C3N-rotate/structure'
2014-12-23 20:54:32: 新建复制 'J:/home1/zhouy/tcscripts/src/materials/C3N-rotate/structure.php' -> 'H:/project2/src/materials/C3N-rotate/structure.php'
2014-12-23 20:54:32: 新建复制 'J:/home1/zhouy/tcscripts/src/materials/C3N-rotate/test.php' -> 'H:/project2/src/materials/C3N-rotate/test.php'
2014-12-23 20:54:32: 新建复制 'J:/home1/zhouy/tcscripts/src/materials/C51aN/asdf' -> 'H:/project2/src/materials/C51aN/asdf'
2014-12-23 20:54:33: 新建复制 'J:/home1/zhouy/tcscripts/src/materials/C51aN/cell.in' -> 'H:/project2/src/materials/C51aN/cell.in'
2014-12-23 20:54:33: 新建复制 'J:/home1/zhouy/tcscripts/src/materials/C51aN/CN.xyz' -> 'H:/project2/src/materials/C51aN/CN.xyz'
2014-12-23 20:54:33: 新建复制 'J:/home1/zhouy/tcscripts/src/materials/C51aN/disp.php' -> 'H:/project2/src/materials/C51aN/disp.php'
2014-12-23 20:54:34: 新建复制 'J:/home1/zhouy/tcscripts/src/materials/C51aN/in.disp' -> 'H:/project2/src/materials/C51aN/in.disp'
2014-12-23 20:54:34: 新建复制 'J:/home1/zhouy/tcscripts/src/materials/C51aN/map.in' -> 'H:/project2/src/materials/C51aN/map.in'
2014-12-23 20:54:34: 新建复制 'J:/home1/zhouy/tcscripts/src/materials/C51aN/parameter.php' -> 'H:/project2/src/materials/C51aN/parameter.php'
2014-12-23 20:54:35: 新建复制 'J:/home1/zhouy/tcscripts/src/materials/C51aN/structure' -> 'H:/project2/src/materials/C51aN/structure'
2014-12-23 20:54:35: 新建复制 'J:/home1/zhouy/tcscripts/src/materials/C51aN/structure.php' -> 'H:/project2/src/materials/C51aN/structure.php'
2014-12-23 20:54:35: 新建复制 'J:/home1/zhouy/tcscripts/src/materials/C51aN/test.php' -> 'H:/project2/src/materials/C51aN/test.php'
2014-12-23 20:54:36: 新建复制 'J:/home1/zhouy/tcscripts/src/materials/C51bN/asdf' -> 'H:/project2/src/materials/C51bN/asdf'
2014-12-23 20:54:36: 新建复制 'J:/home1/zhouy/tcscripts/src/materials/C51bN/cell.in' -> 'H:/project2/src/materials/C51bN/cell.in'
2014-12-23 20:54:37: 新建复制 'J:/home1/zhouy/tcscripts/src/materials/C51bN/CN.xyz' -> 'H:/project2/src/materials/C51bN/CN.xyz'
2014-12-23 20:54:37: 新建复制 'J:/home1/zhouy/tcscripts/src/materials/C51bN/disp.php' -> 'H:/project2/src/materials/C51bN/disp.php'
2014-12-23 20:54:37: 新建复制 'J:/home1/zhouy/tcscripts/src/materials/C51bN/in.disp' -> 'H:/project2/src/materials/C51bN/in.disp'
2014-12-23 20:54:38: 新建复制 'J:/home1/zhouy/tcscripts/src/materials/C51bN/map.in' -> 'H:/project2/src/materials/C51bN/map.in'
2014-12-23 20:54:38: 新建复制 'J:/home1/zhouy/tcscripts/src/materials/C51bN/parameter.php' -> 'H:/project2/src/materials/C51bN/parameter.php'
2014-12-23 20:54:38: 新建复制 'J:/home1/zhouy/tcscripts/src/materials/C51bN/structure' -> 'H:/project2/src/materials/C51bN/structure'
2014-12-23 20:54:39: 新建复制 'J:/home1/zhouy/tcscripts/src/materials/C51bN/structure.php' -> 'H:/project2/src/materials/C51bN/structure.php'
2014-12-23 20:54:39: 新建复制 'J:/home1/zhouy/tcscripts/src/materials/C51bN/test.php' -> 'H:/project2/src/materials/C51bN/test.php'
2014-12-23 20:54:39: 新建复制 'J:/home1/zhouy/tcscripts/src/materials/C51cN/asdf' -> 'H:/project2/src/materials/C51cN/asdf'
2014-12-23 20:54:40: 新建复制 'J:/home1/zhouy/tcscripts/src/materials/C51cN/cell.in' -> 'H:/project2/src/materials/C51cN/cell.in'
2014-12-23 20:54:40: 新建复制 'J:/home1/zhouy/tcscripts/src/materials/C51cN/CN.xyz' -> 'H:/project2/src/materials/C51cN/CN.xyz'
2014-12-23 20:54:40: 新建复制 'J:/home1/zhouy/tcscripts/src/materials/C51cN/disp.php' -> 'H:/project2/src/materials/C51cN/disp.php'
2014-12-23 20:54:41: 新建复制 'J:/home1/zhouy/tcscripts/src/materials/C51cN/in.disp' -> 'H:/project2/src/materials/C51cN/in.disp'
2014-12-23 20:54:41: 新建复制 'J:/home1/zhouy/tcscripts/src/materials/C51cN/map.in' -> 'H:/project2/src/materials/C51cN/map.in'
2014-12-23 20:54:41: 新建复制 'J:/home1/zhouy/tcscripts/src/materials/C51cN/parameter.php' -> 'H:/project2/src/materials/C51cN/parameter.php'
2014-12-23 20:54:42: 新建复制 'J:/home1/zhouy/tcscripts/src/materials/C51cN/structure' -> 'H:/project2/src/materials/C51cN/structure'
2014-12-23 20:54:42: 新建复制 'J:/home1/zhouy/tcscripts/src/materials/C51cN/structure.php' -> 'H:/project2/src/materials/C51cN/structure.php'
2014-12-23 20:54:42: 新建复制 'J:/home1/zhouy/tcscripts/src/materials/C51cN/test.php' -> 'H:/project2/src/materials/C51cN/test.php'
2014-12-23 20:54:43: 新建复制 'J:/home1/zhouy/tcscripts/src/materials/C51N/asdf' -> 'H:/project2/src/materials/C51N/asdf'
2014-12-23 20:54:43: 新建复制 'J:/home1/zhouy/tcscripts/src/materials/C51N/cell.in' -> 'H:/project2/src/materials/C51N/cell.in'
2014-12-23 20:54:44: 新建复制 'J:/home1/zhouy/tcscripts/src/materials/C51N/CN.xyz' -> 'H:/project2/src/materials/C51N/CN.xyz'
2014-12-23 20:54:45: 新建复制 'J:/home1/zhouy/tcscripts/src/materials/C51N/disp.php' -> 'H:/project2/src/materials/C51N/disp.php'
2014-12-23 20:54:45: 新建复制 'J:/home1/zhouy/tcscripts/src/materials/C51N/in.disp' -> 'H:/project2/src/materials/C51N/in.disp'
2014-12-23 20:54:45: 新建复制 'J:/home1/zhouy/tcscripts/src/materials/C51N/map.in' -> 'H:/project2/src/materials/C51N/map.in'
2014-12-23 20:54:46: 新建复制 'J:/home1/zhouy/tcscripts/src/materials/C51N/parameter.php' -> 'H:/project2/src/materials/C51N/parameter.php'
2014-12-23 20:54:46: 新建复制 'J:/home1/zhouy/tcscripts/src/materials/C51N/structure' -> 'H:/project2/src/materials/C51N/structure'
2014-12-23 20:54:46: 新建复制 'J:/home1/zhouy/tcscripts/src/materials/C51N/structure.php' -> 'H:/project2/src/materials/C51N/structure.php'
2014-12-23 20:54:47: 新建复制 'J:/home1/zhouy/tcscripts/src/materials/C51N/test.php' -> 'H:/project2/src/materials/C51N/test.php'
2014-12-23 20:54:47: 新建复制 'J:/home1/zhouy/tcscripts/src/materials/C5aN-rotate/cell.in' -> 'H:/project2/src/materials/C5aN-rotate/cell.in'
2014-12-23 20:54:47: 新建复制 'J:/home1/zhouy/tcscripts/src/materials/C5aN-rotate/CN.xyz' -> 'H:/project2/src/materials/C5aN-rotate/CN.xyz'
2014-12-23 20:54:48: 新建复制 'J:/home1/zhouy/tcscripts/src/materials/C5aN-rotate/disp.php' -> 'H:/project2/src/materials/C5aN-rotate/disp.php'
2014-12-23 20:54:48: 新建复制 'J:/home1/zhouy/tcscripts/src/materials/C5aN-rotate/in.disp' -> 'H:/project2/src/materials/C5aN-rotate/in.disp'
2014-12-23 20:54:48: 新建复制 'J:/home1/zhouy/tcscripts/src/materials/C5aN-rotate/map.in' -> 'H:/project2/src/materials/C5aN-rotate/map.in'
2014-12-23 20:54:48: 新建复制 'J:/home1/zhouy/tcscripts/src/materials/C5aN-rotate/parameter.php' -> 'H:/project2/src/materials/C5aN-rotate/parameter.php'
2014-12-23 20:54:49: 新建复制 'J:/home1/zhouy/tcscripts/src/materials/C5aN-rotate/structure' -> 'H:/project2/src/materials/C5aN-rotate/structure'
2014-12-23 20:54:49: 新建复制 'J:/home1/zhouy/tcscripts/src/materials/C5aN-rotate/structure.php' -> 'H:/project2/src/materials/C5aN-rotate/structure.php'
2014-12-23 20:54:49: 新建复制 'J:/home1/zhouy/tcscripts/src/materials/C5N-rotate/cell.in' -> 'H:/project2/src/materials/C5N-rotate/cell.in'
2014-12-23 20:54:49: 新建复制 'J:/home1/zhouy/tcscripts/src/materials/C5N-rotate/CN.xyz' -> 'H:/project2/src/materials/C5N-rotate/CN.xyz'
2014-12-23 20:54:50: 新建复制 'J:/home1/zhouy/tcscripts/src/materials/C5N-rotate/disp.php' -> 'H:/project2/src/materials/C5N-rotate/disp.php'
2014-12-23 20:54:50: 新建复制 'J:/home1/zhouy/tcscripts/src/materials/C5N-rotate/in.disp' -> 'H:/project2/src/materials/C5N-rotate/in.disp'
2014-12-23 20:54:50: 新建复制 'J:/home1/zhouy/tcscripts/src/materials/C5N-rotate/map.in' -> 'H:/project2/src/materials/C5N-rotate/map.in'
2014-12-23 20:54:51: 新建复制 'J:/home1/zhouy/tcscripts/src/materials/C5N-rotate/parameter.php' -> 'H:/project2/src/materials/C5N-rotate/parameter.php'
2014-12-23 20:54:51: 新建复制 'J:/home1/zhouy/tcscripts/src/materials/C5N-rotate/structure' -> 'H:/project2/src/materials/C5N-rotate/structure'
2014-12-23 20:54:51: 新建复制 'J:/home1/zhouy/tcscripts/src/materials/C5N-rotate/structure.php' -> 'H:/project2/src/materials/C5N-rotate/structure.php'
2014-12-23 20:54:51: 新建复制 'J:/home1/zhouy/tcscripts/src/materials/CaN-rotate/cell.in' -> 'H:/project2/src/materials/CaN-rotate/cell.in'
2014-12-23 20:54:52: 新建复制 'J:/home1/zhouy/tcscripts/src/materials/CaN-rotate/CN.xyz' -> 'H:/project2/src/materials/CaN-rotate/CN.xyz'
2014-12-23 20:54:52: 新建复制 'J:/home1/zhouy/tcscripts/src/materials/CaN-rotate/disp.php' -> 'H:/project2/src/materials/CaN-rotate/disp.php'
2014-12-23 20:54:52: 新建复制 'J:/home1/zhouy/tcscripts/src/materials/CaN-rotate/in.disp' -> 'H:/project2/src/materials/CaN-rotate/in.disp'
2014-12-23 20:54:53: 新建复制 'J:/home1/zhouy/tcscripts/src/materials/CaN-rotate/map.in' -> 'H:/project2/src/materials/CaN-rotate/map.in'
2014-12-23 20:54:53: 新建复制 'J:/home1/zhouy/tcscripts/src/materials/CaN-rotate/parameter.php' -> 'H:/project2/src/materials/CaN-rotate/parameter.php'
2014-12-23 20:54:53: 新建复制 'J:/home1/zhouy/tcscripts/src/materials/CaN-rotate/structure.php' -> 'H:/project2/src/materials/CaN-rotate/structure.php'
2014-12-23 20:54:54: 新建复制 'J:/home1/zhouy/tcscripts/src/materials/CC-small/CN.xyz' -> 'H:/project2/src/materials/CC-small/CN.xyz'
2014-12-23 20:54:54: 新建复制 'J:/home1/zhouy/tcscripts/src/materials/CC-small/disp.php' -> 'H:/project2/src/materials/CC-small/disp.php'
2014-12-23 20:54:54: 新建复制 'J:/home1/zhouy/tcscripts/src/materials/CC-small/in.disp' -> 'H:/project2/src/materials/CC-small/in.disp'
2014-12-23 20:54:55: 新建复制 'J:/home1/zhouy/tcscripts/src/materials/CC-small/map.in' -> 'H:/project2/src/materials/CC-small/map.in'
2014-12-23 20:54:55: 新建复制 'J:/home1/zhouy/tcscripts/src/materials/CC-small/parameter.php' -> 'H:/project2/src/materials/CC-small/parameter.php'
2014-12-23 20:54:55: 新建复制 'J:/home1/zhouy/tcscripts/src/materials/CC-small/pos/0' -> 'H:/project2/src/materials/CC-small/pos/0'
2014-12-23 20:54:56: 新建复制 'J:/home1/zhouy/tcscripts/src/materials/CC-small/pos/1' -> 'H:/project2/src/materials/CC-small/pos/1'
2014-12-23 20:54:56: 新建复制 'J:/home1/zhouy/tcscripts/src/materials/CC-small/pos/10' -> 'H:/project2/src/materials/CC-small/pos/10'
2014-12-23 20:54:56: 新建复制 'J:/home1/zhouy/tcscripts/src/materials/CC-small/pos/11' -> 'H:/project2/src/materials/CC-small/pos/11'
2014-12-23 20:54:57: 新建复制 'J:/home1/zhouy/tcscripts/src/materials/CC-small/pos/12' -> 'H:/project2/src/materials/CC-small/pos/12'
2014-12-23 20:54:57: 新建复制 'J:/home1/zhouy/tcscripts/src/materials/CC-small/pos/13' -> 'H:/project2/src/materials/CC-small/pos/13'
2014-12-23 20:54:58: 新建复制 'J:/home1/zhouy/tcscripts/src/materials/CC-small/pos/14' -> 'H:/project2/src/materials/CC-small/pos/14'
2014-12-23 20:54:58: 新建复制 'J:/home1/zhouy/tcscripts/src/materials/CC-small/pos/15' -> 'H:/project2/src/materials/CC-small/pos/15'
2014-12-23 20:54:58: 新建复制 'J:/home1/zhouy/tcscripts/src/materials/CC-small/pos/16' -> 'H:/project2/src/materials/CC-small/pos/16'
2014-12-23 20:54:59: 新建复制 'J:/home1/zhouy/tcscripts/src/materials/CC-small/pos/17' -> 'H:/project2/src/materials/CC-small/pos/17'
2014-12-23 20:54:59: 新建复制 'J:/home1/zhouy/tcscripts/src/materials/CC-small/pos/18' -> 'H:/project2/src/materials/CC-small/pos/18'
2014-12-23 20:55:00: 新建复制 'J:/home1/zhouy/tcscripts/src/materials/CC-small/pos/19' -> 'H:/project2/src/materials/CC-small/pos/19'
2014-12-23 20:55:00: 新建复制 'J:/home1/zhouy/tcscripts/src/materials/CC-small/pos/2' -> 'H:/project2/src/materials/CC-small/pos/2'
2014-12-23 20:55:00: 新建复制 'J:/home1/zhouy/tcscripts/src/materials/CC-small/pos/20' -> 'H:/project2/src/materials/CC-small/pos/20'
2014-12-23 20:55:01: 新建复制 'J:/home1/zhouy/tcscripts/src/materials/CC-small/pos/21' -> 'H:/project2/src/materials/CC-small/pos/21'
2014-12-23 20:55:01: 新建复制 'J:/home1/zhouy/tcscripts/src/materials/CC-small/pos/22' -> 'H:/project2/src/materials/CC-small/pos/22'
2014-12-23 20:55:02: 新建复制 'J:/home1/zhouy/tcscripts/src/materials/CC-small/pos/23' -> 'H:/project2/src/materials/CC-small/pos/23'
2014-12-23 20:55:02: 新建复制 'J:/home1/zhouy/tcscripts/src/materials/CC-small/pos/24' -> 'H:/project2/src/materials/CC-small/pos/24'
2014-12-23 20:55:02: 新建复制 'J:/home1/zhouy/tcscripts/src/materials/CC-small/pos/25' -> 'H:/project2/src/materials/CC-small/pos/25'
2014-12-23 20:55:03: 新建复制 'J:/home1/zhouy/tcscripts/src/materials/CC-small/pos/26' -> 'H:/project2/src/materials/CC-small/pos/26'
2014-12-23 20:55:03: 新建复制 'J:/home1/zhouy/tcscripts/src/materials/CC-small/pos/27' -> 'H:/project2/src/materials/CC-small/pos/27'
2014-12-23 20:55:04: 新建复制 'J:/home1/zhouy/tcscripts/src/materials/CC-small/pos/28' -> 'H:/project2/src/materials/CC-small/pos/28'
2014-12-23 20:55:05: 新建复制 'J:/home1/zhouy/tcscripts/src/materials/CC-small/pos/29' -> 'H:/project2/src/materials/CC-small/pos/29'
2014-12-23 20:55:05: 新建复制 'J:/home1/zhouy/tcscripts/src/materials/CC-small/pos/3' -> 'H:/project2/src/materials/CC-small/pos/3'
2014-12-23 20:55:05: 新建复制 'J:/home1/zhouy/tcscripts/src/materials/CC-small/pos/30' -> 'H:/project2/src/materials/CC-small/pos/30'
2014-12-23 20:55:06: 新建复制 'J:/home1/zhouy/tcscripts/src/materials/CC-small/pos/31' -> 'H:/project2/src/materials/CC-small/pos/31'
2014-12-23 20:55:06: 新建复制 'J:/home1/zhouy/tcscripts/src/materials/CC-small/pos/32' -> 'H:/project2/src/materials/CC-small/pos/32'
2014-12-23 20:55:07: 新建复制 'J:/home1/zhouy/tcscripts/src/materials/CC-small/pos/33' -> 'H:/project2/src/materials/CC-small/pos/33'
2014-12-23 20:55:07: 新建复制 'J:/home1/zhouy/tcscripts/src/materials/CC-small/pos/34' -> 'H:/project2/src/materials/CC-small/pos/34'
2014-12-23 20:55:07: 新建复制 'J:/home1/zhouy/tcscripts/src/materials/CC-small/pos/35' -> 'H:/project2/src/materials/CC-small/pos/35'
2014-12-23 20:55:08: 新建复制 'J:/home1/zhouy/tcscripts/src/materials/CC-small/pos/36' -> 'H:/project2/src/materials/CC-small/pos/36'
2014-12-23 20:55:08: 新建复制 'J:/home1/zhouy/tcscripts/src/materials/CC-small/pos/37' -> 'H:/project2/src/materials/CC-small/pos/37'
2014-12-23 20:55:10: 新建复制 'J:/home1/zhouy/tcscripts/src/materials/CC-small/pos/38' -> 'H:/project2/src/materials/CC-small/pos/38'
2014-12-23 20:55:11: 新建复制 'J:/home1/zhouy/tcscripts/src/materials/CC-small/pos/39' -> 'H:/project2/src/materials/CC-small/pos/39'
2014-12-23 20:55:11: 新建复制 'J:/home1/zhouy/tcscripts/src/materials/CC-small/pos/4' -> 'H:/project2/src/materials/CC-small/pos/4'
2014-12-23 20:55:11: 新建复制 'J:/home1/zhouy/tcscripts/src/materials/CC-small/pos/40' -> 'H:/project2/src/materials/CC-small/pos/40'
2014-12-23 20:55:12: 新建复制 'J:/home1/zhouy/tcscripts/src/materials/CC-small/pos/41' -> 'H:/project2/src/materials/CC-small/pos/41'
2014-12-23 20:55:12: 新建复制 'J:/home1/zhouy/tcscripts/src/materials/CC-small/pos/42' -> 'H:/project2/src/materials/CC-small/pos/42'
2014-12-23 20:55:12: 新建复制 'J:/home1/zhouy/tcscripts/src/materials/CC-small/pos/43' -> 'H:/project2/src/materials/CC-small/pos/43'
2014-12-23 20:55:13: 新建复制 'J:/home1/zhouy/tcscripts/src/materials/CC-small/pos/44' -> 'H:/project2/src/materials/CC-small/pos/44'
2014-12-23 20:55:13: 新建复制 'J:/home1/zhouy/tcscripts/src/materials/CC-small/pos/45' -> 'H:/project2/src/materials/CC-small/pos/45'
2014-12-23 20:55:14: 新建复制 'J:/home1/zhouy/tcscripts/src/materials/CC-small/pos/46' -> 'H:/project2/src/materials/CC-small/pos/46'
2014-12-23 20:55:14: 新建复制 'J:/home1/zhouy/tcscripts/src/materials/CC-small/pos/47' -> 'H:/project2/src/materials/CC-small/pos/47'
2014-12-23 20:55:14: 新建复制 'J:/home1/zhouy/tcscripts/src/materials/CC-small/pos/48' -> 'H:/project2/src/materials/CC-small/pos/48'
2014-12-23 20:55:15: 新建复制 'J:/home1/zhouy/tcscripts/src/materials/CC-small/pos/49' -> 'H:/project2/src/materials/CC-small/pos/49'
2014-12-23 20:55:15: 新建复制 'J:/home1/zhouy/tcscripts/src/materials/CC-small/pos/5' -> 'H:/project2/src/materials/CC-small/pos/5'
2014-12-23 20:55:16: 新建复制 'J:/home1/zhouy/tcscripts/src/materials/CC-small/pos/50' -> 'H:/project2/src/materials/CC-small/pos/50'
2014-12-23 20:55:16: 新建复制 'J:/home1/zhouy/tcscripts/src/materials/CC-small/pos/51' -> 'H:/project2/src/materials/CC-small/pos/51'
2014-12-23 20:55:16: 新建复制 'J:/home1/zhouy/tcscripts/src/materials/CC-small/pos/52' -> 'H:/project2/src/materials/CC-small/pos/52'
2014-12-23 20:55:17: 新建复制 'J:/home1/zhouy/tcscripts/src/materials/CC-small/pos/53' -> 'H:/project2/src/materials/CC-small/pos/53'
2014-12-23 20:55:17: 新建复制 'J:/home1/zhouy/tcscripts/src/materials/CC-small/pos/54' -> 'H:/project2/src/materials/CC-small/pos/54'
2014-12-23 20:55:18: 新建复制 'J:/home1/zhouy/tcscripts/src/materials/CC-small/pos/55' -> 'H:/project2/src/materials/CC-small/pos/55'
2014-12-23 20:55:18: 新建复制 'J:/home1/zhouy/tcscripts/src/materials/CC-small/pos/56' -> 'H:/project2/src/materials/CC-small/pos/56'
2014-12-23 20:55:18: 新建复制 'J:/home1/zhouy/tcscripts/src/materials/CC-small/pos/57' -> 'H:/project2/src/materials/CC-small/pos/57'
2014-12-23 20:55:19: 新建复制 'J:/home1/zhouy/tcscripts/src/materials/CC-small/pos/58' -> 'H:/project2/src/materials/CC-small/pos/58'
2014-12-23 20:55:19: 新建复制 'J:/home1/zhouy/tcscripts/src/materials/CC-small/pos/59' -> 'H:/project2/src/materials/CC-small/pos/59'
2014-12-23 20:55:20: 新建复制 'J:/home1/zhouy/tcscripts/src/materials/CC-small/pos/6' -> 'H:/project2/src/materials/CC-small/pos/6'
2014-12-23 20:55:20: 新建复制 'J:/home1/zhouy/tcscripts/src/materials/CC-small/pos/60' -> 'H:/project2/src/materials/CC-small/pos/60'
2014-12-23 20:55:20: 新建复制 'J:/home1/zhouy/tcscripts/src/materials/CC-small/pos/61' -> 'H:/project2/src/materials/CC-small/pos/61'
2014-12-23 20:55:21: 新建复制 'J:/home1/zhouy/tcscripts/src/materials/CC-small/pos/62' -> 'H:/project2/src/materials/CC-small/pos/62'
2014-12-23 20:55:21: 新建复制 'J:/home1/zhouy/tcscripts/src/materials/CC-small/pos/63' -> 'H:/project2/src/materials/CC-small/pos/63'
2014-12-23 20:55:21: 新建复制 'J:/home1/zhouy/tcscripts/src/materials/CC-small/pos/64' -> 'H:/project2/src/materials/CC-small/pos/64'
2014-12-23 20:55:22: 新建复制 'J:/home1/zhouy/tcscripts/src/materials/CC-small/pos/65' -> 'H:/project2/src/materials/CC-small/pos/65'
2014-12-23 20:55:22: 新建复制 'J:/home1/zhouy/tcscripts/src/materials/CC-small/pos/66' -> 'H:/project2/src/materials/CC-small/pos/66'
2014-12-23 20:55:23: 新建复制 'J:/home1/zhouy/tcscripts/src/materials/CC-small/pos/67' -> 'H:/project2/src/materials/CC-small/pos/67'
2014-12-23 20:55:23: 新建复制 'J:/home1/zhouy/tcscripts/src/materials/CC-small/pos/68' -> 'H:/project2/src/materials/CC-small/pos/68'
2014-12-23 20:55:23: 新建复制 'J:/home1/zhouy/tcscripts/src/materials/CC-small/pos/69' -> 'H:/project2/src/materials/CC-small/pos/69'
2014-12-23 20:55:24: 新建复制 'J:/home1/zhouy/tcscripts/src/materials/CC-small/pos/7' -> 'H:/project2/src/materials/CC-small/pos/7'
2014-12-23 20:55:25: 新建复制 'J:/home1/zhouy/tcscripts/src/materials/CC-small/pos/70' -> 'H:/project2/src/materials/CC-small/pos/70'
2014-12-23 20:55:25: 新建复制 'J:/home1/zhouy/tcscripts/src/materials/CC-small/pos/71' -> 'H:/project2/src/materials/CC-small/pos/71'
2014-12-23 20:55:26: 新建复制 'J:/home1/zhouy/tcscripts/src/materials/CC-small/pos/72' -> 'H:/project2/src/materials/CC-small/pos/72'
2014-12-23 20:55:26: 新建复制 'J:/home1/zhouy/tcscripts/src/materials/CC-small/pos/73' -> 'H:/project2/src/materials/CC-small/pos/73'
2014-12-23 20:55:26: 新建复制 'J:/home1/zhouy/tcscripts/src/materials/CC-small/pos/74' -> 'H:/project2/src/materials/CC-small/pos/74'
2014-12-23 20:55:27: 新建复制 'J:/home1/zhouy/tcscripts/src/materials/CC-small/pos/75' -> 'H:/project2/src/materials/CC-small/pos/75'
2014-12-23 20:55:27: 新建复制 'J:/home1/zhouy/tcscripts/src/materials/CC-small/pos/76' -> 'H:/project2/src/materials/CC-small/pos/76'
2014-12-23 20:55:27: 新建复制 'J:/home1/zhouy/tcscripts/src/materials/CC-small/pos/77' -> 'H:/project2/src/materials/CC-small/pos/77'
2014-12-23 20:55:28: 新建复制 'J:/home1/zhouy/tcscripts/src/materials/CC-small/pos/78' -> 'H:/project2/src/materials/CC-small/pos/78'
2014-12-23 20:55:28: 新建复制 'J:/home1/zhouy/tcscripts/src/materials/CC-small/pos/79' -> 'H:/project2/src/materials/CC-small/pos/79'
2014-12-23 20:55:29: 新建复制 'J:/home1/zhouy/tcscripts/src/materials/CC-small/pos/8' -> 'H:/project2/src/materials/CC-small/pos/8'
2014-12-23 20:55:29: 新建复制 'J:/home1/zhouy/tcscripts/src/materials/CC-small/pos/80' -> 'H:/project2/src/materials/CC-small/pos/80'
2014-12-23 20:55:29: 新建复制 'J:/home1/zhouy/tcscripts/src/materials/CC-small/pos/81' -> 'H:/project2/src/materials/CC-small/pos/81'
2014-12-23 20:55:30: 新建复制 'J:/home1/zhouy/tcscripts/src/materials/CC-small/pos/82' -> 'H:/project2/src/materials/CC-small/pos/82'
2014-12-23 20:55:30: 新建复制 'J:/home1/zhouy/tcscripts/src/materials/CC-small/pos/83' -> 'H:/project2/src/materials/CC-small/pos/83'
2014-12-23 20:55:30: 新建复制 'J:/home1/zhouy/tcscripts/src/materials/CC-small/pos/84' -> 'H:/project2/src/materials/CC-small/pos/84'
2014-12-23 20:55:31: 新建复制 'J:/home1/zhouy/tcscripts/src/materials/CC-small/pos/85' -> 'H:/project2/src/materials/CC-small/pos/85'
2014-12-23 20:55:31: 新建复制 'J:/home1/zhouy/tcscripts/src/materials/CC-small/pos/86' -> 'H:/project2/src/materials/CC-small/pos/86'
2014-12-23 20:55:32: 新建复制 'J:/home1/zhouy/tcscripts/src/materials/CC-small/pos/87' -> 'H:/project2/src/materials/CC-small/pos/87'
2014-12-23 20:55:32: 新建复制 'J:/home1/zhouy/tcscripts/src/materials/CC-small/pos/88' -> 'H:/project2/src/materials/CC-small/pos/88'
2014-12-23 20:55:32: 新建复制 'J:/home1/zhouy/tcscripts/src/materials/CC-small/pos/89' -> 'H:/project2/src/materials/CC-small/pos/89'
2014-12-23 20:55:33: 新建复制 'J:/home1/zhouy/tcscripts/src/materials/CC-small/pos/9' -> 'H:/project2/src/materials/CC-small/pos/9'
2014-12-23 20:55:33: 新建复制 'J:/home1/zhouy/tcscripts/src/materials/CC-small/pos/90' -> 'H:/project2/src/materials/CC-small/pos/90'
2014-12-23 20:55:34: 新建复制 'J:/home1/zhouy/tcscripts/src/materials/CC-small/pos/91' -> 'H:/project2/src/materials/CC-small/pos/91'
2014-12-23 20:55:34: 新建复制 'J:/home1/zhouy/tcscripts/src/materials/CC-small/pos/92' -> 'H:/project2/src/materials/CC-small/pos/92'
2014-12-23 20:55:34: 新建复制 'J:/home1/zhouy/tcscripts/src/materials/CC-small/pos/93' -> 'H:/project2/src/materials/CC-small/pos/93'
2014-12-23 20:55:35: 新建复制 'J:/home1/zhouy/tcscripts/src/materials/CC-small/pos/94' -> 'H:/project2/src/materials/CC-small/pos/94'
2014-12-23 20:55:35: 新建复制 'J:/home1/zhouy/tcscripts/src/materials/CC-small/pos/95' -> 'H:/project2/src/materials/CC-small/pos/95'
2014-12-23 20:55:36: 新建复制 'J:/home1/zhouy/tcscripts/src/materials/CC-small/pos/96' -> 'H:/project2/src/materials/CC-small/pos/96'
2014-12-23 20:55:36: 新建复制 'J:/home1/zhouy/tcscripts/src/materials/CC-small/pos/97' -> 'H:/project2/src/materials/CC-small/pos/97'
2014-12-23 20:55:36: 新建复制 'J:/home1/zhouy/tcscripts/src/materials/CC-small/pos/98' -> 'H:/project2/src/materials/CC-small/pos/98'
2014-12-23 20:55:37: 新建复制 'J:/home1/zhouy/tcscripts/src/materials/CC-small/pos/99' -> 'H:/project2/src/materials/CC-small/pos/99'
2014-12-23 20:55:37: 新建复制 'J:/home1/zhouy/tcscripts/src/materials/CC-small/pos/C12N/0' -> 'H:/project2/src/materials/CC-small/pos/C12N/0'
2014-12-23 20:55:38: 新建复制 'J:/home1/zhouy/tcscripts/src/materials/CC-small/pos/C12N/1' -> 'H:/project2/src/materials/CC-small/pos/C12N/1'
2014-12-23 20:55:38: 新建复制 'J:/home1/zhouy/tcscripts/src/materials/CC-small/pos/C12N/10' -> 'H:/project2/src/materials/CC-small/pos/C12N/10'
2014-12-23 20:55:38: 新建复制 'J:/home1/zhouy/tcscripts/src/materials/CC-small/pos/C12N/11' -> 'H:/project2/src/materials/CC-small/pos/C12N/11'
2014-12-23 20:55:39: 新建复制 'J:/home1/zhouy/tcscripts/src/materials/CC-small/pos/C12N/12' -> 'H:/project2/src/materials/CC-small/pos/C12N/12'
2014-12-23 20:55:39: 新建复制 'J:/home1/zhouy/tcscripts/src/materials/CC-small/pos/C12N/13' -> 'H:/project2/src/materials/CC-small/pos/C12N/13'
2014-12-23 20:55:40: 新建复制 'J:/home1/zhouy/tcscripts/src/materials/CC-small/pos/C12N/14' -> 'H:/project2/src/materials/CC-small/pos/C12N/14'
2014-12-23 20:55:40: 新建复制 'J:/home1/zhouy/tcscripts/src/materials/CC-small/pos/C12N/15' -> 'H:/project2/src/materials/CC-small/pos/C12N/15'
2014-12-23 20:55:41: 新建复制 'J:/home1/zhouy/tcscripts/src/materials/CC-small/pos/C12N/16' -> 'H:/project2/src/materials/CC-small/pos/C12N/16'
2014-12-23 20:55:41: 新建复制 'J:/home1/zhouy/tcscripts/src/materials/CC-small/pos/C12N/17' -> 'H:/project2/src/materials/CC-small/pos/C12N/17'
2014-12-23 20:55:42: 新建复制 'J:/home1/zhouy/tcscripts/src/materials/CC-small/pos/C12N/18' -> 'H:/project2/src/materials/CC-small/pos/C12N/18'
2014-12-23 20:55:42: 新建复制 'J:/home1/zhouy/tcscripts/src/materials/CC-small/pos/C12N/19' -> 'H:/project2/src/materials/CC-small/pos/C12N/19'
2014-12-23 20:55:43: 新建复制 'J:/home1/zhouy/tcscripts/src/materials/CC-small/pos/C12N/2' -> 'H:/project2/src/materials/CC-small/pos/C12N/2'
2014-12-23 20:55:43: 新建复制 'J:/home1/zhouy/tcscripts/src/materials/CC-small/pos/C12N/20' -> 'H:/project2/src/materials/CC-small/pos/C12N/20'
2014-12-23 20:55:43: 新建复制 'J:/home1/zhouy/tcscripts/src/materials/CC-small/pos/C12N/21' -> 'H:/project2/src/materials/CC-small/pos/C12N/21'
2014-12-23 20:55:44: 新建复制 'J:/home1/zhouy/tcscripts/src/materials/CC-small/pos/C12N/22' -> 'H:/project2/src/materials/CC-small/pos/C12N/22'
2014-12-23 20:55:44: 新建复制 'J:/home1/zhouy/tcscripts/src/materials/CC-small/pos/C12N/23' -> 'H:/project2/src/materials/CC-small/pos/C12N/23'
2014-12-23 20:55:45: 新建复制 'J:/home1/zhouy/tcscripts/src/materials/CC-small/pos/C12N/24' -> 'H:/project2/src/materials/CC-small/pos/C12N/24'
2014-12-23 20:55:46: 新建复制 'J:/home1/zhouy/tcscripts/src/materials/CC-small/pos/C12N/25' -> 'H:/project2/src/materials/CC-small/pos/C12N/25'
2014-12-23 20:55:46: 新建复制 'J:/home1/zhouy/tcscripts/src/materials/CC-small/pos/C12N/26' -> 'H:/project2/src/materials/CC-small/pos/C12N/26'
2014-12-23 20:55:47: 新建复制 'J:/home1/zhouy/tcscripts/src/materials/CC-small/pos/C12N/27' -> 'H:/project2/src/materials/CC-small/pos/C12N/27'
2014-12-23 20:55:47: 新建复制 'J:/home1/zhouy/tcscripts/src/materials/CC-small/pos/C12N/28' -> 'H:/project2/src/materials/CC-small/pos/C12N/28'
2014-12-23 20:55:48: 新建复制 'J:/home1/zhouy/tcscripts/src/materials/CC-small/pos/C12N/29' -> 'H:/project2/src/materials/CC-small/pos/C12N/29'
2014-12-23 20:55:48: 新建复制 'J:/home1/zhouy/tcscripts/src/materials/CC-small/pos/C12N/3' -> 'H:/project2/src/materials/CC-small/pos/C12N/3'
2014-12-23 20:55:49: 新建复制 'J:/home1/zhouy/tcscripts/src/materials/CC-small/pos/C12N/30' -> 'H:/project2/src/materials/CC-small/pos/C12N/30'
2014-12-23 20:55:49: 新建复制 'J:/home1/zhouy/tcscripts/src/materials/CC-small/pos/C12N/4' -> 'H:/project2/src/materials/CC-small/pos/C12N/4'
2014-12-23 20:55:49: 新建复制 'J:/home1/zhouy/tcscripts/src/materials/CC-small/pos/C12N/5' -> 'H:/project2/src/materials/CC-small/pos/C12N/5'
2014-12-23 20:55:50: 新建复制 'J:/home1/zhouy/tcscripts/src/materials/CC-small/pos/C12N/6' -> 'H:/project2/src/materials/CC-small/pos/C12N/6'
2014-12-23 20:55:50: 新建复制 'J:/home1/zhouy/tcscripts/src/materials/CC-small/pos/C12N/7' -> 'H:/project2/src/materials/CC-small/pos/C12N/7'
2014-12-23 20:55:51: 新建复制 'J:/home1/zhouy/tcscripts/src/materials/CC-small/pos/C12N/8' -> 'H:/project2/src/materials/CC-small/pos/C12N/8'
2014-12-23 20:55:51: 新建复制 'J:/home1/zhouy/tcscripts/src/materials/CC-small/pos/C12N/9' -> 'H:/project2/src/materials/CC-small/pos/C12N/9'
2014-12-23 20:55:52: 新建复制 'J:/home1/zhouy/tcscripts/src/materials/CC-small/pos/C12N/origin' -> 'H:/project2/src/materials/CC-small/pos/C12N/origin'
2014-12-23 20:55:52: 新建复制 'J:/home1/zhouy/tcscripts/src/materials/CC-small/pos/C25N/0' -> 'H:/project2/src/materials/CC-small/pos/C25N/0'
2014-12-23 20:55:54: 新建复制 'J:/home1/zhouy/tcscripts/src/materials/CC-small/pos/C25N/1' -> 'H:/project2/src/materials/CC-small/pos/C25N/1'
2014-12-23 20:55:54: 新建复制 'J:/home1/zhouy/tcscripts/src/materials/CC-small/pos/C25N/10' -> 'H:/project2/src/materials/CC-small/pos/C25N/10'
2014-12-23 20:55:55: 新建复制 'J:/home1/zhouy/tcscripts/src/materials/CC-small/pos/C25N/11' -> 'H:/project2/src/materials/CC-small/pos/C25N/11'
2014-12-23 20:55:55: 新建复制 'J:/home1/zhouy/tcscripts/src/materials/CC-small/pos/C25N/12' -> 'H:/project2/src/materials/CC-small/pos/C25N/12'
2014-12-23 20:55:56: 新建复制 'J:/home1/zhouy/tcscripts/src/materials/CC-small/pos/C25N/13' -> 'H:/project2/src/materials/CC-small/pos/C25N/13'
2014-12-23 20:55:56: 新建复制 'J:/home1/zhouy/tcscripts/src/materials/CC-small/pos/C25N/14' -> 'H:/project2/src/materials/CC-small/pos/C25N/14'
2014-12-23 20:55:56: 新建复制 'J:/home1/zhouy/tcscripts/src/materials/CC-small/pos/C25N/15' -> 'H:/project2/src/materials/CC-small/pos/C25N/15'
2014-12-23 20:55:57: 新建复制 'J:/home1/zhouy/tcscripts/src/materials/CC-small/pos/C25N/16' -> 'H:/project2/src/materials/CC-small/pos/C25N/16'
2014-12-23 20:55:57: 新建复制 'J:/home1/zhouy/tcscripts/src/materials/CC-small/pos/C25N/17' -> 'H:/project2/src/materials/CC-small/pos/C25N/17'
2014-12-23 20:55:58: 新建复制 'J:/home1/zhouy/tcscripts/src/materials/CC-small/pos/C25N/18' -> 'H:/project2/src/materials/CC-small/pos/C25N/18'
2014-12-23 20:55:59: 新建复制 'J:/home1/zhouy/tcscripts/src/materials/CC-small/pos/C25N/19' -> 'H:/project2/src/materials/CC-small/pos/C25N/19'
2014-12-23 20:55:59: 新建复制 'J:/home1/zhouy/tcscripts/src/materials/CC-small/pos/C25N/2' -> 'H:/project2/src/materials/CC-small/pos/C25N/2'
2014-12-23 20:56:01: 新建复制 'J:/home1/zhouy/tcscripts/src/materials/CC-small/pos/C25N/20' -> 'H:/project2/src/materials/CC-small/pos/C25N/20'
2014-12-23 20:56:01: 新建复制 'J:/home1/zhouy/tcscripts/src/materials/CC-small/pos/C25N/21' -> 'H:/project2/src/materials/CC-small/pos/C25N/21'
2014-12-23 20:56:02: 新建复制 'J:/home1/zhouy/tcscripts/src/materials/CC-small/pos/C25N/22' -> 'H:/project2/src/materials/CC-small/pos/C25N/22'
2014-12-23 20:56:02: 新建复制 'J:/home1/zhouy/tcscripts/src/materials/CC-small/pos/C25N/23' -> 'H:/project2/src/materials/CC-small/pos/C25N/23'
2014-12-23 20:56:03: 新建复制 'J:/home1/zhouy/tcscripts/src/materials/CC-small/pos/C25N/24' -> 'H:/project2/src/materials/CC-small/pos/C25N/24'
2014-12-23 20:56:03: 新建复制 'J:/home1/zhouy/tcscripts/src/materials/CC-small/pos/C25N/25' -> 'H:/project2/src/materials/CC-small/pos/C25N/25'
2014-12-23 20:56:04: 新建复制 'J:/home1/zhouy/tcscripts/src/materials/CC-small/pos/C25N/26' -> 'H:/project2/src/materials/CC-small/pos/C25N/26'
2014-12-23 20:56:04: 新建复制 'J:/home1/zhouy/tcscripts/src/materials/CC-small/pos/C25N/27' -> 'H:/project2/src/materials/CC-small/pos/C25N/27'
2014-12-23 20:56:04: 新建复制 'J:/home1/zhouy/tcscripts/src/materials/CC-small/pos/C25N/28' -> 'H:/project2/src/materials/CC-small/pos/C25N/28'
2014-12-23 20:56:05: 新建复制 'J:/home1/zhouy/tcscripts/src/materials/CC-small/pos/C25N/29' -> 'H:/project2/src/materials/CC-small/pos/C25N/29'
2014-12-23 20:56:05: 新建复制 'J:/home1/zhouy/tcscripts/src/materials/CC-small/pos/C25N/3' -> 'H:/project2/src/materials/CC-small/pos/C25N/3'
2014-12-23 20:56:06: 新建复制 'J:/home1/zhouy/tcscripts/src/materials/CC-small/pos/C25N/30' -> 'H:/project2/src/materials/CC-small/pos/C25N/30'
2014-12-23 20:56:06: 新建复制 'J:/home1/zhouy/tcscripts/src/materials/CC-small/pos/C25N/4' -> 'H:/project2/src/materials/CC-small/pos/C25N/4'
2014-12-23 20:56:07: 新建复制 'J:/home1/zhouy/tcscripts/src/materials/CC-small/pos/C25N/5' -> 'H:/project2/src/materials/CC-small/pos/C25N/5'
2014-12-23 20:56:07: 新建复制 'J:/home1/zhouy/tcscripts/src/materials/CC-small/pos/C25N/6' -> 'H:/project2/src/materials/CC-small/pos/C25N/6'
2014-12-23 20:56:08: 新建复制 'J:/home1/zhouy/tcscripts/src/materials/CC-small/pos/C25N/7' -> 'H:/project2/src/materials/CC-small/pos/C25N/7'
2014-12-23 20:56:08: 新建复制 'J:/home1/zhouy/tcscripts/src/materials/CC-small/pos/C25N/8' -> 'H:/project2/src/materials/CC-small/pos/C25N/8'
2014-12-23 20:56:08: 新建复制 'J:/home1/zhouy/tcscripts/src/materials/CC-small/pos/C25N/9' -> 'H:/project2/src/materials/CC-small/pos/C25N/9'
2014-12-23 20:56:09: 新建复制 'J:/home1/zhouy/tcscripts/src/materials/CC-small/pos/C25N/origin' -> 'H:/project2/src/materials/CC-small/pos/C25N/origin'
2014-12-23 20:56:10: 新建复制 'J:/home1/zhouy/tcscripts/src/materials/CC-small/pos/C3N/0' -> 'H:/project2/src/materials/CC-small/pos/C3N/0'
2014-12-23 20:56:10: 新建复制 'J:/home1/zhouy/tcscripts/src/materials/CC-small/pos/C3N/1' -> 'H:/project2/src/materials/CC-small/pos/C3N/1'
2014-12-23 20:56:10: 新建复制 'J:/home1/zhouy/tcscripts/src/materials/CC-small/pos/C3N/10' -> 'H:/project2/src/materials/CC-small/pos/C3N/10'
2014-12-23 20:56:11: stopped by Stop By User
2014-12-23 20:56:11: 
